Initializing document watcher...
Document watcher initialized
admin_/customer-admin-app/firebase.json: {}
admin_/customer-admin-app/firebase.json: {}
admin_/customer-admin-app/firebase.json: {}
admin_/customer-admin-app/firebase.json: {}
admin_/customer-admin-app/firebase.json: {}
admin_/customer-admin-app/firebase.json: {}
admin_/customer-admin-app/firebase.json: {}
admin_/customer-admin-app/firebase.json: {}
admin_/customer-admin-app/firebase.json: {}
admin_/customer-admin-app/firebase.json: {}
admin_/customer-admin-app/react-frontend/cloudbuild.yaml: {}
admin_/customer-admin-app/react-frontend/Dockerfile: {}
admin_/customer-admin-app/react-frontend/cloudbuild.yaml: {}
admin_/customer-admin-app/react-frontend/cloudbuild.yaml: {}
admin_/customer-admin-app/react-frontend/cloudbuild.yaml: {}
admin_/customer-admin-app/react-frontend/cloudbuild.yaml: {}
admin_/customer-admin-app/react-frontend/cloudbuild.yaml: {}
admin_/customer-admin-app/react-frontend/cloudbuild.yaml: {}
admin_/customer-admin-app/react-frontend/cloudbuild.yaml: Using EditorConfig core...
admin_/customer-admin-app/react-frontend/cloudbuild.yaml: Using EditorConfig core...
admin_/customer-admin-app/react-frontend/cloudbuild.yaml: {}
admin_/customer-admin-app/react-frontend/cloudbuild.yaml: {}
admin_/customer-admin-app/react-frontend/cloudbuild.yaml: {}
admin_/customer-admin-app/react-frontend/cloudbuild.yaml: Using EditorConfig core...
admin_/customer-admin-app/react-frontend/cloudbuild.yaml: {}
admin_/customer-admin-app/react-frontend/cloudbuild.yaml: {}
admin_/customer-admin-app/react-frontend/Dockerfile: {}
admin_/customer-admin-app/react-frontend/Dockerfile: {}
admin_/customer-admin-app/react-frontend/Dockerfile: {}
admin_/customer-admin-app/react-frontend/Dockerfile: {}
admin_/customer-admin-app/react-frontend/cloudbuild.yaml: {}
admin_/customer-admin-app/react-frontend/cloudbuild.yaml: {}
admin_/customer-admin-app/react-frontend/cloudbuild.yaml: {}
admin_/customer-admin-app/react-frontend/cloudbuild.yaml: {}
admin_/customer-admin-app/react-frontend/cloudbuild.yaml: {}
admin_/customer-admin-app/react-frontend/cloudbuild.yaml: {}
admin_/customer-admin-app/react-frontend/cloudbuild.yaml: {}
admin_/customer-admin-app/react-frontend/cloudbuild.yaml: {}
admin_/customer-admin-app/react-frontend/cloudbuild.yaml: {}
admin_/customer-admin-app/react-frontend/cloudbuild.yaml: {}
admin_/customer-admin-app/react-frontend/cloudbuild.yaml: {}
admin_/customer-admin-app/react-frontend/cloudbuild.yaml: {}
admin_/customer-admin-app/react-frontend/cloudbuild.yaml: Using EditorConfig core...
admin_/customer-admin-app/react-frontend/cloudbuild.yaml: {}
admin_/customer-admin-app/react-frontend/cloudbuild.yaml: {}
admin_/customer-admin-app/react-frontend/cloudbuild.yaml: {}
admin_/customer-admin-app/react-frontend/Dockerfile: {}
admin_/customer-admin-app/react-frontend/cloudbuild.yaml: {}
admin_/customer-admin-app/react-frontend/cloudbuild.yaml: {}
admin_/customer-admin-app/react-frontend/cloudbuild.yaml: {}
admin_/customer-admin-app/react-frontend/cloudbuild.yaml: Using EditorConfig core...
admin_/customer-admin-app/react-frontend/cloudbuild.yaml: {}
