Initializing document watcher...
Document watcher initialized
/User/settings.json: Using EditorConfig core...
admin_/customer-admin-app/react-frontend/src/Login.js: {}
admin_/customer-admin-app/react-frontend/src/Login.js: {}
admin_/customer-admin-app/react-frontend/src/Login.js: Using EditorConfig core...
admin_/customer-admin-app/react-frontend/src/Dashboard.js: {}
admin_/customer-admin-app/react-frontend/src/Dashboard.js: {}
admin_/customer-admin-app/react-frontend/src/Dashboard.js: Using EditorConfig core...
admin_/customer-admin-app/react-frontend/src/App.js: {}
admin_/customer-admin-app/react-frontend/src/App.js: Using EditorConfig core...
admin_/customer-admin-app/react-frontend/src/App.js: {}
admin_/customer-admin-app/react-frontend/src/App.js: Using EditorConfig core...
admin_/customer-admin-app/react-frontend/src/App.js: {}
admin_/customer-admin-app/react-frontend/src/App.js: {}
admin_/customer-admin-app/react-frontend/src/App.js: {}
admin_/customer-admin-app/react-frontend/src/App.js: {}
admin_/customer-admin-app/firebase.json: {}
admin_/customer-admin-app/firebase.json: {}
admin_/customer-admin-app/firebase.json: {}
admin_/customer-admin-app/firebase.json: {}
admin_/customer-admin-app/react-frontend/src/firebase.js: {}
admin_/customer-admin-app/react-frontend/src/firebase.js: {}
admin_/customer-admin-app/react-frontend/src/firebase.js: Using EditorConfig core...
admin_/customer-admin-app/react-frontend/src/firebase.js: {}
admin_/customer-admin-app/react-frontend/src/Login.js: {}
admin_/customer-admin-app/react-frontend/src/Login.js: {}
admin_/customer-admin-app/react-frontend/src/Login.js: Using EditorConfig core...
admin_/customer-admin-app/react-frontend/src/Login.js: {}
admin_/customer-admin-app/react-frontend/src/Login.js: {}
admin_/customer-admin-app/react-frontend/src/Login.js: {}
admin_/customer-admin-app/react-frontend/src/Login.js: {}
admin_/customer-admin-app/react-frontend/src/Login.js: {}
admin_/customer-admin-app/react-frontend/src/Login.js: {}
admin_/customer-admin-app/react-frontend/src/Login.js: {}
admin_/customer-admin-app/react-frontend/src/Login.js: {}
admin_/customer-admin-app/react-frontend/src/firebase.js: {}
admin_/customer-admin-app/react-frontend/src/firebase.js: {}
admin_/customer-admin-app/react-frontend/src/firebase.js: {}
admin_/customer-admin-app/react-frontend/src/firebase.js: {}
admin_/customer-admin-app/react-frontend/src/firebase.js: {}
admin_/customer-admin-app/react-frontend/src/firebase.js: Using EditorConfig core...
admin_/customer-admin-app/react-frontend/src/firebase.js: {}
admin_/customer-admin-app/react-frontend/src/firebase.js: {}
admin_/customer-admin-app/react-frontend/src/firebase.js: {}
admin_/customer-admin-app/react-frontend/src/firebase.js: Using EditorConfig core...
admin_/customer-admin-app/react-frontend/src/firebase.js: {}
admin_/customer-admin-app/react-frontend/src/firebase.js: Using EditorConfig core...
admin_/customer-admin-app/react-frontend/src/firebase.js: {}
admin_/customer-admin-app/react-frontend/src/firebase.js: Using EditorConfig core...
admin_/customer-admin-app/react-frontend/src/firebase.js: {}
admin_/customer-admin-app/react-frontend/src/firebase.js: {}
admin_/customer-admin-app/react-frontend/src/firebase.js: {}
admin_/customer-admin-app/react-frontend/src/firebase.js: Using EditorConfig core...
admin_/customer-admin-app/react-frontend/src/firebase.js: {}
admin_/customer-admin-app/react-frontend/src/firebase.js: {}
admin_/customer-admin-app/react-frontend/src/firebase.js: Using EditorConfig core...
admin_/customer-admin-app/react-frontend/src/firebase.js: {}
admin_/customer-admin-app/react-frontend/src/firebase.js: {}
admin_/customer-admin-app/react-frontend/src/firebase.js: {}
admin_/customer-admin-app/react-frontend/src/firebase.js: {}
admin_/customer-admin-app/react-frontend/src/firebase.js: Using EditorConfig core...
admin_/customer-admin-app/react-frontend/src/firebase.js: Using EditorConfig core...
admin_/customer-admin-app/react-frontend/src/firebase.js: Using EditorConfig core...
admin_/customer-admin-app/react-frontend/src/firebase.js: Using EditorConfig core...
admin_/customer-admin-app/react-frontend/src/firebase.js: {}
admin_/customer-admin-app/react-frontend/src/firebase.js: {}
admin_/customer-admin-app/react-frontend/src/firebase.js: {}
admin_/customer-admin-app/react-frontend/src/firebase.js: {}
admin_/customer-admin-app/react-frontend/src/Dashboard.js: {}
admin_/customer-admin-app/react-frontend/src/Login.js: {}
admin_/customer-admin-app/react-frontend/src/Login.js: {}
admin_/customer-admin-app/react-frontend/src/Login.js: {}
admin_/customer-admin-app/react-frontend/src/Login.js: {}
admin_/customer-admin-app/react-frontend/src/firebase.js: {}
admin_/customer-admin-app/react-frontend/src/firebase.js: {}
admin_/customer-admin-app/react-frontend/src/firebase.js: Using EditorConfig core...
admin_/customer-admin-app/react-frontend/src/firebase.js: {}
admin_/customer-admin-app/react-frontend/src/firebase.js: Using EditorConfig core...
admin_/customer-admin-app/react-frontend/src/firebase.js: Using EditorConfig core...
admin_/customer-admin-app/react-frontend/src/firebase.js: {}
admin_/customer-admin-app/react-frontend/src/firebase.js: {}
admin_/customer-admin-app/react-frontend/src/firebase.js: {}
admin_/customer-admin-app/react-frontend/src/firebase.js: {}
admin_/customer-admin-app/react-frontend/src/firebase.js: {}
admin_/customer-admin-app/react-frontend/src/firebase.js: {}
admin_/customer-admin-app/react-frontend/src/firebase.js: {}
admin_/customer-admin-app/react-frontend/src/firebase.js: Using EditorConfig core...
admin_/customer-admin-app/react-frontend/src/firebase.js: {}
admin_/customer-admin-app/react-frontend/src/firebase.js: Using EditorConfig core...
admin_/customer-admin-app/react-frontend/src/firebase.js: Using EditorConfig core...
admin_/customer-admin-app/react-frontend/src/firebase.js: {}
admin_/customer-admin-app/react-frontend/src/firebase.js: {}
admin_/customer-admin-app/react-frontend/src/firebase.js: {}
admin_/customer-admin-app/react-frontend/src/firebase.js: Using EditorConfig core...
admin_/customer-admin-app/react-frontend/src/firebase.js: Using EditorConfig core...
admin_/customer-admin-app/react-frontend/src/firebase.js: Using EditorConfig core...
admin_/customer-admin-app/react-frontend/src/Login.js: {}
admin_/customer-admin-app/react-frontend/src/App.css: {}
admin_/customer-admin-app/react-frontend/src/App.js: {}
admin_/customer-admin-app/react-frontend/src/App.test.js: {}
admin_/customer-admin-app/react-frontend/src/Dashboard.js: {}
admin_/customer-admin-app/react-frontend/src/firebase.js: {}
admin_/customer-admin-app/react-frontend/src/Dashboard.js: {}
admin_/customer-admin-app/react-frontend/src/Dashboard.js: {}
admin_/customer-admin-app/react-frontend/src/firebase.js: {}
admin_/customer-admin-app/react-frontend/src/firebase.js: {}
admin_/customer-admin-app/react-frontend/src/index.css: {}
admin_/customer-admin-app/react-frontend/src/index.js: {}
admin_/customer-admin-app/react-frontend/src/Login.js: {}
admin_/customer-admin-app/react-frontend/src/Login.js: {}
admin_/customer-admin-app/react-frontend/src/logo.svg: {}
admin_/customer-admin-app/react-frontend/src/reportWebVitals.js: {}
admin_/customer-admin-app/react-frontend/src/setupTests.js: {}
admin_/customer-admin-app/react-frontend/package.json: {}
admin_/customer-admin-app/react-frontend/package-lock.json: {}
admin_/customer-admin-app/firebase.json: {}
admin_/customer-admin-app/package-lock.json: {}
admin_/customer-admin-app/package.json: {}
admin_/customer-admin-app/firebase.json: {}
admin_/customer-admin-app/firebase.json: {}
admin_/customer-admin-app/react-frontend/src/App.js: {}
admin_/customer-admin-app/react-frontend/src/App.js: {}
admin_/customer-admin-app/react-frontend/src/App.js: {}
admin_/customer-admin-app/react-frontend/src/App.js: {}
admin_/customer-admin-app/react-frontend/src/App.js: {}
admin_/customer-admin-app/react-frontend/src/App.js: {}
admin_/customer-admin-app/firebase.json: {}
admin_/customer-admin-app/firebase.json: Using EditorConfig core...
admin_/customer-admin-app/firebase.json: {}
admin_/customer-admin-app/firebase.json: {}
admin_/customer-admin-app/firebase.json: {}
admin_/customer-admin-app/firebase.json: {}
