Initializing document watcher...
Document watcher initialized
admin_/customer-admin-app/react-frontend/src/Transfers.js: {}
admin_/customer-admin-app/react-frontend/src/Transfers.js: {}
No more open editors.
admin_/backend/index.js: {}
admin_/backend/index.js: Using EditorConfig core...
admin_/backend/index.js: {}
admin_/backend/index.js: {}
admin_/backend/index.js: {}
admin_/backend/index.js: {}
admin_/backend/index.js: Using EditorConfig core...
admin_/backend/index.js: {}
admin_/customer-admin-app/react-frontend/src/Dashboard.js: {}
admin_/customer-admin-app/react-frontend/src/Dashboard.js: {}
admin_/customer-admin-app/react-frontend/src/Dashboard.js: {}
admin_/customer-admin-app/react-frontend/src/Dashboard.js: {}
admin_/customer-admin-app/react-frontend/src/Dashboard.js: Using EditorConfig core...
admin_/customer-admin-app/react-frontend/src/Dashboard.js: {}
admin_/customer-admin-app/react-frontend/src/Dashboard.js: {}
admin_/customer-admin-app/react-frontend/src/Dashboard.js: {}
admin_/customer-admin-app/react-frontend/src/Dashboard.js: {}
admin_/customer-admin-app/react-frontend/src/Dashboard.js: {}
admin_/customer-admin-app/react-frontend/src/App.js: {}
admin_/customer-admin-app/react-frontend/src/App.test.js: {}
admin_/customer-admin-app/react-frontend/src/Dashboard.js: {}
admin_/customer-admin-app/react-frontend/src/firebase.js: {}
admin_/customer-admin-app/react-frontend/src/index.css: {}
admin_/customer-admin-app/react-frontend/src/index.js: {}
admin_/customer-admin-app/react-frontend/src/Login.js: {}
admin_/customer-admin-app/react-frontend/src/logo.svg: {}
admin_/customer-admin-app/react-frontend/src/reportWebVitals.js: {}
admin_/customer-admin-app/react-frontend/src/setupTests.js: {}
admin_/customer-admin-app/react-frontend/src/Transactions.js: {}
admin_/customer-admin-app/react-frontend/src/Transfers.js: {}
admin_/customer-admin-app/firebase.json: {}
admin_/backend/index.js: {}
admin_/backend/index.js: {}
admin_/backend/index.js: {}
admin_/backend/index.js: {}
admin_/backend/index.js: {}
admin_/backend/index.js: {}
admin_/backend/index.js: {}
admin_/backend/index.js: {}
admin_/backend/index.js: {}
