Initializing document watcher...
Document watcher initialized
admin_/customer-admin-app/react-frontend/src/Transactions.js: {}
admin_/customer-admin-app/react-frontend/src/Transactions.js: {}
admin_/customer-admin-app/react-frontend/src/Transactions.js: {}
admin_/customer-admin-app/react-frontend/src/Transactions.js: {}
admin_/customer-admin-app/react-frontend/src/Transactions.js: {}
admin_/customer-admin-app/react-frontend/src/Transactions.js: {}
admin_/customer-admin-app/react-frontend/src/Transactions.js: {}
admin_/customer-admin-app/react-frontend/src/Transactions.js: {}
admin_/customer-admin-app/react-frontend/src/Transactions.js: {}
admin_/customer-admin-app/react-frontend/src/Transactions.js: {}
admin_/customer-admin-app/react-frontend/src/Transactions.js: {}
admin_/customer-admin-app/react-frontend/src/Transactions.js: {}
admin_/customer-admin-app/react-frontend/src/Transactions.js: {}
admin_/customer-admin-app/react-frontend/src/Transactions.js: {}
admin_/customer-admin-app/react-frontend/package.json: {}
admin_/customer-admin-app/react-frontend/package.json: {}
admin_/customer-admin-app/react-frontend/package-lock.json: {}
admin_/customer-admin-app/react-frontend/package.json: {}
admin_/customer-admin-app/react-frontend/src/Transactions.js: {}
admin_/customer-admin-app/react-frontend/src/Transactions.js: {}
admin_/customer-admin-app/react-frontend/src/Transactions.js: {}
admin_/customer-admin-app/react-frontend/src/Transactions.js: {}
admin_/customer-admin-app/react-frontend/src/Transactions.js: {}
admin_/customer-admin-app/react-frontend/src/Transactions.js: {}
admin_/customer-admin-app/react-frontend/src/Transactions.js: {}
admin_/customer-admin-app/react-frontend/src/Transactions.js: {}
admin_/customer-admin-app/react-frontend/src/Transactions.js: {}
admin_/customer-admin-app/react-frontend/src/Transactions.js: {}
admin_/customer-admin-app/react-frontend/src/Transactions.js: {}
admin_/customer-admin-app/react-frontend/src/Transactions.js: {}
admin_/customer-admin-app/react-frontend/src/Transactions.js: {}
admin_/customer-admin-app/react-frontend/ui-debug.log: {}
admin_/customer-admin-app/react-frontend/src/Transactions.js: {}
admin_/customer-admin-app/react-frontend/src/Transactions.js: {}
admin_/customer-admin-app/react-frontend/src/Transactions.js: {}
admin_/customer-admin-app/react-frontend/src/Transactions.js: {}
admin_/backend/functions/index.js: {}
admin_/customer-admin-app/react-frontend/src/Transactions.js: {}
admin_/customer-admin-app/react-frontend/src/Transactions.js: {}
admin_/customer-admin-app/react-frontend/src/Transactions.js: Using EditorConfig core...
admin_/customer-admin-app/react-frontend/src/Transactions.js: {}
admin_/customer-admin-app/react-frontend/src/Transactions.js: {}
admin_/customer-admin-app/react-frontend/src/Transactions.js: {}
admin_/customer-admin-app/react-frontend/src/Transactions.js: {}
admin_/customer-admin-app/react-frontend/src/Transactions.js: {}
admin_/customer-admin-app/react-frontend/src/Transactions.js: {}
admin_/customer-admin-app/react-frontend/src/Transactions.js: {}
admin_/customer-admin-app/react-frontend/src/Transactions.js: {}
admin_/customer-admin-app/react-frontend/src/Transactions.js: {}
admin_/customer-admin-app/react-frontend/src/Transactions.js: {}
admin_/backend/functions/index.js: {}
admin_/backend/functions/index.js: {}
admin_/backend/functions/package-lock.json: {}
admin_/backend/functions/package.json: {}
admin_/backend/firebase.json: {}
admin_/customer-admin-app/react-frontend/src/App.js: {}
admin_/customer-admin-app/react-frontend/src/App.js: {}
admin_/customer-admin-app/react-frontend/src/firebase.js: {}
admin_/customer-admin-app/react-frontend/src/Dashboard.js: {}
admin_/customer-admin-app/react-frontend/src/Dashboard.js: {}
admin_/customer-admin-app/react-frontend/src/firebase.js: {}
admin_/customer-admin-app/react-frontend/src/Login.js: {}
admin_/customer-admin-app/react-frontend/src/Login.js: {}
admin_/customer-admin-app/react-frontend/src/setupTests.js: {}
admin_/customer-admin-app/react-frontend/src/Transactions.js: {}
admin_/customer-admin-app/react-frontend/src/Transactions.js: {}
admin_/customer-admin-app/react-frontend/src/Transfers.js: {}
admin_/customer-admin-app/react-frontend/src/Transfers.js: {}
admin_/backend/package.json: {}
admin_/backend/functions/index.js: {}
admin_/backend/functions/index.js: {}
admin_/backend/functions/index.js: {}
admin_/backend/functions/index.js: Using EditorConfig core...
admin_/backend/functions/index.js: Using EditorConfig core...
admin_/customer-admin-app/react-frontend/src/App.css: {}
admin_/customer-admin-app/react-frontend/src/App.js: {}
admin_/customer-admin-app/react-frontend/src/App.test.js: {}
admin_/customer-admin-app/react-frontend/src/Dashboard.js: {}
admin_/customer-admin-app/react-frontend/src/firebase.js: {}
admin_/customer-admin-app/react-frontend/src/Dashboard.js: {}
admin_/customer-admin-app/react-frontend/src/Dashboard.js: Using EditorConfig core...
admin_/customer-admin-app/react-frontend/src/Dashboard.js: {}
admin_/customer-admin-app/react-frontend/src/Dashboard.js: {}
admin_/customer-admin-app/react-frontend/src/Dashboard.js: {}
admin_/customer-admin-app/react-frontend/src/Dashboard.js: {}
admin_/customer-admin-app/react-frontend/src/Dashboard.js: {}
admin_/customer-admin-app/react-frontend/src/Dashboard.js: {}
admin_/customer-admin-app/react-frontend/src/Dashboard.js: {}
admin_/customer-admin-app/react-frontend/src/Dashboard.js: {}
admin_/customer-admin-app/react-frontend/src/Dashboard.js: {}
admin_/customer-admin-app/react-frontend/src/Dashboard.js: {}
admin_/customer-admin-app/react-frontend/src/Dashboard.js: {}
admin_/customer-admin-app/react-frontend/src/Dashboard.js: {}
admin_/customer-admin-app/react-frontend/src/Dashboard.js: {}
admin_/customer-admin-app/react-frontend/src/Dashboard.js: {}
admin_/customer-admin-app/react-frontend/src/Dashboard.js: {}
admin_/customer-admin-app/react-frontend/src/Dashboard.js: {}
admin_/customer-admin-app/react-frontend/src/Dashboard.js: {}
admin_/customer-admin-app/react-frontend/src/Transactions.js: {}
admin_/backend/functions/index.js: {}
admin_/backend/functions/index.js: {}
admin_/backend/functions/index.js: {}
admin_/backend/functions/index.js: {}
admin_/backend/functions/index.js: {}
admin_/backend/functions/index.js: {}
admin_/backend/functions/index.js: {}
admin_/backend/functions/index.js: {}
admin_/backend/functions/index.js: {}
admin_/backend/functions/index.js: {}
No more open editors.
admin_/backend/package-lock.json: {}
admin_/customer-admin-app/react-frontend/src/Dashboard.js: {}
admin_/backend/firebase.json: {}
admin_/backend/package-lock.json: {}
admin_/backend/ui-debug.log: {}
admin_/backend/package.json: {}
admin_/backend/firebase.json: {}
admin_/backend/firebase.json: {}
admin_/backend/package-lock.json: {}
admin_/backend/package-lock.json: {}
admin_/backend/package.json: {}
admin_/backend/package.json: {}
admin_/customer-admin-app/react-frontend/src/Dashboard.js: {}
admin_/backend/functions/index.js: {}
admin_/backend/functions/index.js: {}
admin_/backend/functions/index.js: {}
admin_/backend/functions/index.js: {}
admin_/backend/functions/index.js: {}
admin_/backend/functions/index.js: {}
admin_/backend/functions/index.js: {}
admin_/backend/functions/index.js: {}
admin_/backend/functions/index.js: {}
admin_/backend/functions/index.js: Using EditorConfig core...
admin_/backend/functions/index.js: {}
admin_/backend/functions/index.js: {}
admin_/backend/functions/index.js: {}
admin_/backend/functions/index.js: {}
admin_/customer-admin-app/react-frontend/src/App.js: {}
admin_/customer-admin-app/react-frontend/src/App.js: {}
admin_/customer-admin-app/react-frontend/src/Dashboard.js: {}
admin_/customer-admin-app/react-frontend/src/Dashboard.js: {}
admin_/customer-admin-app/react-frontend/src/firebase.js: {}
admin_/customer-admin-app/react-frontend/src/firebase.js: {}
admin_/customer-admin-app/react-frontend/src/Login.js: {}
admin_/customer-admin-app/react-frontend/src/Login.js: {}
admin_/customer-admin-app/firebase.json: {}
admin_/customer-admin-app/firebase.json: {}
admin_/backend/firebase.json: {}
admin_/customer-admin-app/firebase.json: {}
admin_/backend/firebase.json: {}
admin_/backend/firebase.json: Using EditorConfig core...
admin_/backend/firebase.json: {}
admin_/backend/firebase.json: Using EditorConfig core...
admin_/backend/firebase.json: {}
admin_/backend/firebase.json: {}
admin_/backend/firebase.json: {}
admin_/backend/functions/index.js: {}
admin_/customer-admin-app/react-frontend/src/index.js: {}
admin_/customer-admin-app/react-frontend/src/index.js: {}
admin_/functions/index.js: {}
admin_/customer-admin-app/react-frontend/src/index.js: {}
