npm warn EBADENGINE Unsupported engine {
npm warn EBADENGINE   package: undefined,
npm warn EBADENGINE   required: { node: '18' },
npm warn EBADENGINE   current: { node: 'v22.11.0', npm: '10.9.0' }
npm warn EBADENGINE }
npm error code ERESOLVE
npm error ERESOLVE unable to resolve dependency tree
npm error
npm error While resolving: backend@1.0.0
npm error Found: firebase-admin@13.0.1
npm error node_modules/firebase-admin
npm error   firebase-admin@"^13.0.0" from the root project
npm error
npm error Could not resolve dependency:
npm error peer firebase-admin@"^11.10.0 || ^12.0.0" from firebase-functions@6.1.0
npm error node_modules/firebase-functions
npm error   firebase-functions@"^6.1.0" from the root project
npm error
npm error Fix the upstream dependency conflict, or retry
npm error this command with --force or --legacy-peer-deps
npm error to accept an incorrect (and potentially broken) dependency resolution.
npm error
npm error
npm error For a full report see:
npm error /home/admin_/.npm/_logs/2024-11-20T21_31_31_436Z-eresolve-report.txt
npm error A complete log of this run can be found in: /home/admin_/.npm/_logs/2024-11-20T21_31_31_436Z-debug-0.log
[Warn  - 9:31:32 PM] Component Analysis Error: Error: Command failed: npm i --package-lock-only --prefix /tmp/exhort_uTWKu3
npm error code ERESOLVE
npm error ERESOLVE unable to resolve dependency tree
npm error
npm error While resolving: backend@1.0.0
npm error Found: firebase-admin@13.0.1
npm error node_modules/firebase-admin
npm error   firebase-admin@"^13.0.0" from the root project
npm error
npm error Could not resolve dependency:
npm error peer firebase-admin@"^11.10.0 || ^12.0.0" from firebase-functions@6.1.0
npm error node_modules/firebase-functions
npm error   firebase-functions@"^6.1.0" from the root project
npm error
npm error Fix the upstream dependency conflict, or retry
npm error this command with --force or --legacy-peer-deps
npm error to accept an incorrect (and potentially broken) dependency resolution.
npm error
npm error
npm error For a full report see:
npm error /home/admin_/.npm/_logs/2024-11-20T21_31_31_436Z-eresolve-report.txt
npm error A complete log of this run can be found in: /home/admin_/.npm/_logs/2024-11-20T21_31_31_436Z-debug-0.log

