2024-11-20 15:47:05.649 [info] Extension host with pid 1765 started
2024-11-20 15:47:05.649 [error] Error: EEXIST: file already exists, open '/home/admin_/.codeoss/data/User/workspaceStorage/-4d68eafe/vscode.lock'
2024-11-20 15:47:05.656 [info] Lock '/home/admin_/.codeoss/data/User/workspaceStorage/-4d68eafe/vscode.lock': Could not acquire lock, checking if the file is stale.
2024-11-20 15:47:05.663 [info] Lock '/home/admin_/.codeoss/data/User/workspaceStorage/-4d68eafe/vscode.lock': The lock does not look stale, elapsed: 325 ms, giving up.
2024-11-20 15:47:05.682 [info] Lock '/home/admin_/.codeoss/data/User/workspaceStorage/-4d68eafe-1/vscode.lock': Lock acquired.
2024-11-20 15:47:05.814 [info] ExtensionService#_doActivateExtension vscode.typescript-language-features, startup: false, activationEvent: 'onLanguage:javascript'
2024-11-20 15:47:05.815 [info] ExtensionService#_doActivateExtension vscode.emmet, startup: false, activationEvent: 'onLanguage'
2024-11-20 15:47:06.257 [info] ExtensionService#_doActivateExtension vscode.git-base, startup: true, activationEvent: '*', root cause: vscode.git
2024-11-20 15:47:06.433 [info] ExtensionService#_doActivateExtension vscode.git, startup: true, activationEvent: '*'
2024-11-20 15:47:06.443 [info] ExtensionService#_doActivateExtension vscode.github, startup: true, activationEvent: '*'
2024-11-20 15:47:07.187 [info] ExtensionService#_doActivateExtension redhat.fabric8-analytics, startup: true, activationEvent: 'workspaceContains:**/package.json,**/pom.xml,**/go.mod,**/requirements.txt'
2024-11-20 15:47:07.808 [info] Eager extensions activated
2024-11-20 15:47:07.810 [info] ExtensionService#_doActivateExtension EditorConfig.EditorConfig, startup: false, activationEvent: 'onStartupFinished'
2024-11-20 15:47:07.812 [info] ExtensionService#_doActivateExtension google.cloud-shell, startup: false, activationEvent: 'onStartupFinished'
2024-11-20 15:47:07.813 [info] ExtensionService#_doActivateExtension googlecloudtools.cloudcode, startup: false, activationEvent: 'onStartupFinished'
2024-11-20 15:47:07.815 [info] ExtensionService#_doActivateExtension vscode.debug-auto-launch, startup: false, activationEvent: 'onStartupFinished'
2024-11-20 15:47:07.818 [info] ExtensionService#_doActivateExtension vscode.merge-conflict, startup: false, activationEvent: 'onStartupFinished'
2024-11-20 15:47:12.307 [info] ExtensionService#_doActivateExtension vscode.json-language-features, startup: false, activationEvent: 'onLanguage:jsonc'
2024-11-20 17:07:49.113 [info] ExtensionService#_doActivateExtension vscode.github-authentication, startup: false, activationEvent: 'onAuthenticationRequest:github'
2024-11-20 17:17:06.714 [info] ExtensionService#_doActivateExtension vscode.extension-editing, startup: false, activationEvent: 'onLanguage:json'
2024-11-20 17:17:06.714 [info] ExtensionService#_doActivateExtension vscode.npm, startup: false, activationEvent: 'onLanguage:json'
