Initializing document watcher...
Document watcher initialized
admin_/customer-admin-app/react-frontend/src/Login.js: {}
admin_/customer-admin-app/react-frontend/src/Login.js: {}
admin_/customer-admin-app/react-frontend/src/Login.js: {}
admin_/customer-admin-app/react-frontend/src/Login.js: {}
admin_/customer-admin-app/react-frontend/src/Login.js: {}
admin_/customer-admin-app/react-frontend/src/App.js: {}
admin_/customer-admin-app/react-frontend/src/App.js: {}
admin_/customer-admin-app/react-frontend/src/App.js: Using EditorConfig core...
admin_/customer-admin-app/react-frontend/src/Dashboard.js: {}
admin_/customer-admin-app/react-frontend/src/Dashboard.js: {}
admin_/customer-admin-app/react-frontend/src/firebase.js: {}
admin_/customer-admin-app/react-frontend/src/firebase.js: {}
admin_/customer-admin-app/react-frontend/src/index.js: {}
admin_/customer-admin-app/react-frontend/src/Login.js: {}
admin_/customer-admin-app/react-frontend/node_modules/@types/react/index.d.ts: {}
admin_/customer-admin-app/react-frontend/src/Login.js: {}
admin_/customer-admin-app/react-frontend/src/index.js: {}
admin_/customer-admin-app/react-frontend/src/Login.js: {}
admin_/customer-admin-app/react-frontend/src/Login.js: {}
admin_/customer-admin-app/react-frontend/src/firebase.js: {}
admin_/customer-admin-app/react-frontend/src/firebase.js: {}
admin_/customer-admin-app/react-frontend/src/Login.js: {}
admin_/customer-admin-app/react-frontend/src/Login.js: {}
admin_/customer-admin-app/react-frontend/src/Transactions.js: {}
admin_/customer-admin-app/react-frontend/src/Transactions.js: {}
admin_/customer-admin-app/react-frontend/src/Transfers.js: {}
admin_/customer-admin-app/react-frontend/src/Transfers.js: {}
admin_/customer-admin-app/react-frontend/src/Transfers.js: {}
admin_/customer-admin-app/react-frontend/src/Transfers.js: {}
admin_/customer-admin-app/react-frontend/src/Transfers.js: {}
admin_/customer-admin-app/react-frontend/src/Transfers.js: {}
admin_/customer-admin-app/react-frontend/src/Transfers.js: {}
admin_/customer-admin-app/react-frontend/src/Transfers.js: {}
admin_/customer-admin-app/react-frontend/src/Transfers.js: {}
admin_/customer-admin-app/react-frontend/src/Transfers.js: {}
admin_/backend/index.js: {}
admin_/customer-admin-app/react-frontend/src/index.js: {}
admin_/backend/index.js: {}
admin_/backend/index.js: {}
admin_/backend/index.js: {}
admin_/backend/index.js: {}
admin_/backend/index.js: {}
admin_/backend/index.js: {}
admin_/backend/index.js: {}
admin_/backend/index.js: {}
admin_/customer-admin-app/firebase.json: {}
admin_/customer-admin-app/firebase.json: {}
admin_/customer-admin-app/firebase.json: {}
admin_/customer-admin-app/firebase.json: {}
admin_/customer-admin-app/firebase.json: {}
admin_/customer-admin-app/firebase.json: {}
admin_/backend/firebase.json: {}
admin_/backend/functions/index.js: {}
admin_/backend/functions/package-lock.json: {}
admin_/backend/functions/package.json: {}
admin_/backend/functions/index.js: {}
admin_/backend/functions/index.js: {}
admin_/backend/functions/index.js: {}
admin_/backend/functions/package.json: {}
admin_/backend/functions/package.json: {}
admin_/backend/firebase.json: {}
admin_/backend/firebase.json: {}
admin_/backend/index.js: {}
admin_/backend/functions/index.js: {}
admin_/backend/index.js: {}
admin_/backend/index.js: {}
admin_/backend/package-lock.json: {}
admin_/backend/package.json: {}
admin_/backend/package.json: {}
admin_/backend/package.json: {}
admin_/backend/package.json: {}
admin_/backend/index.js: {}
admin_/backend/functions/index.js: {}
admin_/backend/functions/index.js: {}
admin_/backend/functions/index.js: {}
admin_/backend/index.js: {}
admin_/backend/index.js: {}
admin_/backend/index.js: {}
admin_/backend/functions/index.js: {}
admin_/backend/index.js: {}
admin_/backend/index.js: {}
admin_/backend/index.js: {}
admin_/backend/index.js: {}
admin_/backend/index.js: {}
admin_/backend/index.js: {}
admin_/backend/index.js: {}
admin_/backend/functions/package.json: {}
admin_/backend/functions/package.json: {}
admin_/backend/functions/package.json: {}
admin_/backend/functions/package.json: {}
admin_/backend/functions/package.json: {}
admin_/backend/functions/package.json: {}
admin_/backend/functions/package.json: {}
admin_/backend/functions/index.js: {}
admin_/backend/functions/index.js: {}
admin_/backend/functions/index copy.js: {}
admin_/backend/functions/index.js: {}
admin_/backend/index.js: {}
admin_/backend/functions/index.js: {}
admin_/backend/functions/index.js: {}
admin_/backend/functions/index.js: {}
admin_/backend/functions/index.js: {}
admin_/backend/functions/index.js: {}
admin_/backend/functions/index.js: {}
admin_/backend/index.js: {}
admin_/backend/index.js: {}
admin_/backend/index.js: {}
admin_/backend/functions/index.js: {}
admin_/backend/functions/index.js: {}
admin_/backend/functions/index.js: {}
admin_/backend/functions/index.js: {}
admin_/backend/functions/index.js: {}
admin_/backend/functions/index.js: {}
admin_/backend/functions/index.js: {}
admin_/backend/functions/index.js: {}
admin_/backend/functions/index.js: {}
admin_/backend/functions/index.js: {}
admin_/backend/functions/index.js: {}
admin_/backend/functions/index.js: {}
admin_/backend/functions/index.js: {}
admin_/backend/functions/index.js: Using EditorConfig core...
admin_/backend/functions/index.js: Using EditorConfig core...
admin_/backend/functions/index.js: Using EditorConfig core...
admin_/backend/functions/index.js: {}
admin_/backend/functions/index.js: {}
admin_/backend/functions/index.js: {}
admin_/backend/functions/package.json: {}
admin_/backend/functions/index.js: {}
admin_/backend/firebase.json: {}
admin_/customer-admin-app/react-frontend/src/App.js: {}
admin_/customer-admin-app/react-frontend/src/App.js: {}
admin_/customer-admin-app/react-frontend/src/Dashboard.js: {}
admin_/customer-admin-app/react-frontend/src/Dashboard.js: {}
admin_/customer-admin-app/react-frontend/src/Login.js: {}
admin_/customer-admin-app/react-frontend/src/Login.js: {}
admin_/customer-admin-app/react-frontend/src/Transactions.js: {}
admin_/customer-admin-app/react-frontend/src/Transactions.js: {}
admin_/customer-admin-app/react-frontend/src/Transfers.js: {}
admin_/customer-admin-app/react-frontend/src/Transfers.js: {}
admin_/customer-admin-app/react-frontend/src/Transfers.js: {}
admin_/customer-admin-app/react-frontend/src/Transfers.js: {}
admin_/customer-admin-app/react-frontend/src/Transfers.js: {}
admin_/customer-admin-app/react-frontend/src/Dashboard.js: {}
admin_/customer-admin-app/react-frontend/src/Dashboard.js: {}
admin_/customer-admin-app/react-frontend/src/Dashboard.js: {}
admin_/customer-admin-app/react-frontend/src/Dashboard.js: {}
admin_/customer-admin-app/react-frontend/src/Dashboard.js: {}
admin_/customer-admin-app/react-frontend/src/Dashboard.js: Using EditorConfig core...
admin_/customer-admin-app/react-frontend/src/Dashboard.js: Using EditorConfig core...
admin_/customer-admin-app/react-frontend/src/Dashboard.js: {}
admin_/customer-admin-app/react-frontend/src/Dashboard.js: {}
admin_/customer-admin-app/react-frontend/src/Dashboard.js: {}
admin_/customer-admin-app/react-frontend/src/Dashboard.js: {}
admin_/customer-admin-app/react-frontend/src/Dashboard.js: {}
admin_/customer-admin-app/react-frontend/src/Dashboard.js: {}
admin_/backend/functions/index.js: {}
admin_/backend/functions/index.js: {}
admin_/customer-admin-app/react-frontend/src/App.test.js: {}
admin_/customer-admin-app/react-frontend/src/App.js: {}
admin_/customer-admin-app/react-frontend/src/App.js: {}
admin_/customer-admin-app/react-frontend/src/Dashboard.js: {}
admin_/customer-admin-app/react-frontend/src/Dashboard.js: {}
admin_/customer-admin-app/react-frontend/src/firebase.js: {}
admin_/customer-admin-app/react-frontend/src/firebase.js: {}
admin_/customer-admin-app/react-frontend/src/index.js: {}
admin_/customer-admin-app/react-frontend/src/Login.js: {}
admin_/customer-admin-app/react-frontend/src/Login.js: {}
admin_/customer-admin-app/react-frontend/src/Transactions.js: {}
admin_/customer-admin-app/react-frontend/src/Transactions.js: {}
admin_/customer-admin-app/react-frontend/src/Transfers.js: {}
admin_/customer-admin-app/react-frontend/src/Transfers.js: {}
admin_/backend/functions/package-lock.json: {}
admin_/backend/functions/index.js: {}
admin_/backend/functions/index.js: {}
admin_/backend/functions/index.js: Using EditorConfig core...
admin_/backend/functions/index.js: {}
admin_/customer-admin-app/react-frontend/src/Dashboard.js: {}
admin_/customer-admin-app/react-frontend/src/Dashboard.js: Using EditorConfig core...
admin_/customer-admin-app/react-frontend/src/Dashboard.js: {}
admin_/customer-admin-app/react-frontend/src/Transactions.js: {}
admin_/customer-admin-app/react-frontend/src/Transactions.js: {}
admin_/customer-admin-app/react-frontend/src/Transactions.js: Using EditorConfig core...
admin_/customer-admin-app/react-frontend/src/Transactions.js: {}
admin_/customer-admin-app/react-frontend/src/Transfers.js: {}
admin_/customer-admin-app/react-frontend/src/Transfers.js: Using EditorConfig core...
admin_/customer-admin-app/react-frontend/src/Transfers.js: {}
admin_/customer-admin-app/react-frontend/src/Login.js: {}
admin_/customer-admin-app/react-frontend/src/Login.js: Using EditorConfig core...
admin_/customer-admin-app/react-frontend/src/Login.js: Using EditorConfig core...
admin_/customer-admin-app/react-frontend/src/Login.js: Using EditorConfig core...
admin_/customer-admin-app/react-frontend/src/Login.js: {}
admin_/customer-admin-app/react-frontend/src/Login.js: {}
admin_/customer-admin-app/react-frontend/src/Dashboard.js: {}
admin_/customer-admin-app/react-frontend/src/App.js: {}
admin_/customer-admin-app/react-frontend/src/firebase.js: {}
admin_/customer-admin-app/react-frontend/src/Transactions.js: {}
admin_/customer-admin-app/react-frontend/src/Transfers.js: {}
admin_/customer-admin-app/react-frontend/src/index.js: {}
admin_/customer-admin-app/react-frontend/src/Login.js: {}
admin_/customer-admin-app/react-frontend/src/Dashboard.js: {}
admin_/customer-admin-app/react-frontend/src/App.js: {}
admin_/customer-admin-app/react-frontend/src/App.js: {}
admin_/customer-admin-app/react-frontend/src/App.js: {}
admin_/customer-admin-app/react-frontend/src/App.js: {}
admin_/customer-admin-app/react-frontend/src/App.js: {}
admin_/customer-admin-app/react-frontend/src/App.js: {}
admin_/customer-admin-app/react-frontend/src/App.js: {}
admin_/customer-admin-app/react-frontend/src/App.js: {}
admin_/customer-admin-app/react-frontend/src/App.js: {}
admin_/customer-admin-app/react-frontend/src/App.js: {}
admin_/backend/functions/index.js: {}
admin_/backend/functions/index.js: {}
admin_/backend/functions/index.js: {}
admin_/backend/functions/index.js: {}
admin_/backend/functions/index.js: {}
admin_/backend/functions/index.js: {}
admin_/backend/functions/index.js: {}
admin_/backend/functions/index.js: {}
admin_/backend/functions/index.js: {}
admin_/backend/functions/index.js: {}
admin_/backend/functions/index.js: {}
admin_/backend/functions/index.js: {}
admin_/backend/functions/index.js: {}
admin_/backend/functions/index.js: {}
admin_/backend/functions/index.js: {}
admin_/backend/functions/index.js: {}
admin_/backend/functions/index.js: {}
admin_/backend/functions/index.js: {}
admin_/backend/functions/index.js: {}
admin_/backend/functions/index.js: {}
admin_/backend/functions/index.js: {}
admin_/backend/functions/index.js: {}
admin_/customer-admin-app/react-frontend/src/Transactions.js: {}
admin_/customer-admin-app/react-frontend/src/Transactions.js: {}
admin_/customer-admin-app/react-frontend/src/Transactions.js: {}
admin_/customer-admin-app/react-frontend/src/Transactions.js: {}
admin_/customer-admin-app/react-frontend/src/Transactions.js: {}
