2024-11-20 20:52:41.690 [info] Log level: Info
2024-11-20 20:52:41.690 [info] Validating found git in: "git"
2024-11-20 20:52:41.690 [info] Using git "2.43.0" from "git"
2024-11-20 20:52:41.690 [info] > git rev-parse --show-toplevel [547ms]
2024-11-20 20:52:41.690 [info] fatal: not a git repository (or any parent up to mount point /)
Stopping at filesystem boundary (GIT_DISCOVERY_ACROSS_FILESYSTEM not set).
2024-11-20 20:52:41.690 [info] > git rev-parse --show-toplevel [2791ms]
2024-11-20 20:52:41.690 [info] fatal: not a git repository (or any parent up to mount point /)
Stopping at filesystem boundary (GIT_DISCOVERY_ACROSS_FILESYSTEM not set).
2024-11-20 20:52:41.690 [info] > git rev-parse --show-toplevel [6ms]
2024-11-20 20:52:41.690 [info] fatal: not a git repository (or any parent up to mount point /)
Stopping at filesystem boundary (GIT_DISCOVERY_ACROSS_FILESYSTEM not set).
2024-11-20 20:52:41.781 [info] > git rev-parse --show-toplevel [91ms]
2024-11-20 20:52:41.781 [info] fatal: not a git repository (or any parent up to mount point /)
Stopping at filesystem boundary (GIT_DISCOVERY_ACROSS_FILESYSTEM not set).
2024-11-20 20:52:41.962 [info] > git rev-parse --show-toplevel [133ms]
2024-11-20 20:52:41.962 [info] fatal: not a git repository (or any parent up to mount point /)
Stopping at filesystem boundary (GIT_DISCOVERY_ACROSS_FILESYSTEM not set).
2024-11-20 20:52:41.991 [info] > git rev-parse --show-toplevel [6ms]
2024-11-20 20:52:41.991 [info] fatal: not a git repository (or any parent up to mount point /)
Stopping at filesystem boundary (GIT_DISCOVERY_ACROSS_FILESYSTEM not set).
2024-11-20 20:52:42.101 [info] > git rev-parse --show-toplevel [75ms]
2024-11-20 20:52:42.101 [info] fatal: not a git repository (or any parent up to mount point /)
Stopping at filesystem boundary (GIT_DISCOVERY_ACROSS_FILESYSTEM not set).
2024-11-20 20:52:42.126 [info] > git rev-parse --show-toplevel [2ms]
2024-11-20 20:52:42.126 [info] fatal: not a git repository (or any parent up to mount point /)
Stopping at filesystem boundary (GIT_DISCOVERY_ACROSS_FILESYSTEM not set).
2024-11-20 20:52:42.277 [info] > git rev-parse --show-toplevel [126ms]
2024-11-20 20:52:42.387 [info] > git rev-parse --git-dir --git-common-dir [41ms]
2024-11-20 20:52:42.407 [info] Open repository: /home/admin_/.nvm
2024-11-20 20:52:42.532 [info] > git rev-parse --show-toplevel [27ms]
2024-11-20 20:52:42.532 [info] fatal: not a git repository (or any parent up to mount point /)
Stopping at filesystem boundary (GIT_DISCOVERY_ACROSS_FILESYSTEM not set).
2024-11-20 20:52:42.533 [info] > git config --get commit.template [48ms]
2024-11-20 20:52:42.586 [info] > git rev-parse --show-toplevel [34ms]
2024-11-20 20:52:42.586 [info] fatal: not a git repository (or any parent up to mount point /)
Stopping at filesystem boundary (GIT_DISCOVERY_ACROSS_FILESYSTEM not set).
2024-11-20 20:52:42.653 [info] > git rev-parse --show-toplevel [29ms]
2024-11-20 20:52:42.653 [info] fatal: not a git repository (or any parent up to mount point /)
Stopping at filesystem boundary (GIT_DISCOVERY_ACROSS_FILESYSTEM not set).
2024-11-20 20:52:42.686 [info] > git rev-parse --show-toplevel [11ms]
2024-11-20 20:52:42.686 [info] fatal: not a git repository (or any parent up to mount point /)
Stopping at filesystem boundary (GIT_DISCOVERY_ACROSS_FILESYSTEM not set).
2024-11-20 20:52:42.688 [info] > git for-each-ref --format %(refname) %(objectname) %(*objectname) refs/tags [112ms]
2024-11-20 20:52:42.928 [info] > git status -z -uall [216ms]
2024-11-20 20:52:43.044 [info] > git config --get commit.template [89ms]
2024-11-20 20:52:43.045 [info] > git for-each-ref --format %(refname) %(objectname) %(*objectname) refs/tags [70ms]
2024-11-20 20:52:43.084 [info] > git status -z -uall [18ms]
2024-11-20 20:54:17.557 [info] > git rev-parse --show-toplevel [1ms]
2024-11-20 20:54:17.577 [info] > git rev-parse --git-dir --git-common-dir [2ms]
2024-11-20 20:54:17.583 [info] Open repository: /home/admin_
2024-11-20 20:54:17.624 [info] No remotes found in the git config file.
2024-11-20 20:54:17.625 [info] > git for-each-ref --format=%(refname)%00%(upstream:short)%00%(objectname)%00%(upstream:track)%00%(upstream:remotename)%00%(upstream:remoteref) refs/heads/master refs/remotes/master [3ms]
2024-11-20 20:54:17.626 [warning] No such branch: master.
2024-11-20 20:54:17.627 [info] > git config --get commit.template [24ms]
2024-11-20 20:54:18.001 [info] > git status -z -uall [357ms]
2024-11-20 20:54:18.001 [info] > git show --textconv :customer-admin-app/react-frontend/src/Transactions.js [22ms]
2024-11-20 20:54:18.009 [info] > git ls-files --stage -- /home/admin_/customer-admin-app/react-frontend/src/Transactions.js [12ms]
2024-11-20 20:54:18.111 [info] > git config --get commit.template [2ms]
2024-11-20 20:54:18.131 [info] No remotes found in the git config file.
2024-11-20 20:54:18.132 [info] > git for-each-ref --format=%(refname)%00%(upstream:short)%00%(objectname)%00%(upstream:track)%00%(upstream:remotename)%00%(upstream:remoteref) refs/heads/master refs/remotes/master [2ms]
2024-11-20 20:54:18.132 [warning] No such branch: master.
2024-11-20 20:54:18.656 [info] > git status -z -uall [506ms]
2024-11-20 20:54:18.659 [info] > git check-ignore -v -z --stdin [20ms]
2024-11-20 20:59:02.343 [info] > git check-ignore -v -z --stdin [1ms]
