2024-11-21 03:38:06.166 [info] Extension host with pid 11317 started
2024-11-21 03:38:06.166 [error] Error: EEXIST: file already exists, open '/home/admin_/.codeoss/data/User/workspaceStorage/-4d68eafe/vscode.lock'
2024-11-21 03:38:06.172 [info] Lock '/home/admin_/.codeoss/data/User/workspaceStorage/-4d68eafe/vscode.lock': Could not acquire lock, checking if the file is stale.
2024-11-21 03:38:06.178 [info] Lock '/home/admin_/.codeoss/data/User/workspaceStorage/-4d68eafe/vscode.lock': The lock does not look stale, elapsed: 499 ms, giving up.
2024-11-21 03:38:06.195 [info] Lock '/home/admin_/.codeoss/data/User/workspaceStorage/-4d68eafe-1/vscode.lock': Lock acquired.
2024-11-21 03:38:06.231 [info] ExtensionService#_doActivateExtension vscode.extension-editing, startup: false, activationEvent: 'onLanguage:json'
2024-11-21 03:38:06.232 [info] ExtensionService#_doActivateExtension vscode.json-language-features, startup: false, activationEvent: 'onLanguage:json'
2024-11-21 03:38:06.233 [info] ExtensionService#_doActivateExtension vscode.npm, startup: false, activationEvent: 'onLanguage:json'
2024-11-21 03:38:06.233 [info] ExtensionService#_doActivateExtension vscode.emmet, startup: false, activationEvent: 'onLanguage'
2024-11-21 03:38:06.860 [info] ExtensionService#_doActivateExtension vscode.git-base, startup: true, activationEvent: '*', root cause: vscode.git
2024-11-21 03:38:06.924 [info] ExtensionService#_doActivateExtension vscode.git, startup: true, activationEvent: '*'
2024-11-21 03:38:06.924 [info] ExtensionService#_doActivateExtension vscode.github, startup: true, activationEvent: '*'
2024-11-21 03:38:07.757 [warning] [Decorations] CAPPING events from decorations provider vscode.git 2509
2024-11-21 03:38:08.394 [info] ExtensionService#_doActivateExtension vscode.github-authentication, startup: false, activationEvent: 'onAuthenticationRequest:github'
2024-11-21 03:38:08.444 [info] ExtensionService#_doActivateExtension redhat.fabric8-analytics, startup: true, activationEvent: 'workspaceContains:**/package.json,**/pom.xml,**/go.mod,**/requirements.txt'
2024-11-21 03:38:09.222 [warning] [Decorations] CAPPING events from decorations provider vscode.git 2509
2024-11-21 03:38:09.802 [info] Eager extensions activated
2024-11-21 03:38:09.803 [info] ExtensionService#_doActivateExtension EditorConfig.EditorConfig, startup: false, activationEvent: 'onStartupFinished'
2024-11-21 03:38:09.804 [info] ExtensionService#_doActivateExtension google.cloud-shell, startup: false, activationEvent: 'onStartupFinished'
2024-11-21 03:38:09.804 [info] ExtensionService#_doActivateExtension googlecloudtools.cloudcode, startup: false, activationEvent: 'onStartupFinished'
2024-11-21 03:38:09.805 [info] ExtensionService#_doActivateExtension vscode.debug-auto-launch, startup: false, activationEvent: 'onStartupFinished'
2024-11-21 03:38:09.805 [info] ExtensionService#_doActivateExtension vscode.merge-conflict, startup: false, activationEvent: 'onStartupFinished'
2024-11-21 03:38:12.605 [info] ExtensionService#_doActivateExtension vscode.typescript-language-features, startup: false, activationEvent: 'onLanguage:jsonc'
2024-11-21 03:38:26.248 [warning] [Decorations] CAPPING events from decorations provider vscode.git 2516
2024-11-21 03:49:12.215 [warning] [Decorations] CAPPING events from decorations provider vscode.git 2517
2024-11-21 03:49:17.444 [warning] [Decorations] CAPPING events from decorations provider vscode.git 2517
2024-11-21 03:56:03.258 [warning] [Decorations] CAPPING events from decorations provider vscode.git 2519
2024-11-21 04:10:26.137 [warning] [Decorations] CAPPING events from decorations provider vscode.git 2520
2024-11-21 04:10:31.366 [warning] [Decorations] CAPPING events from decorations provider vscode.git 2519
2024-11-21 04:33:36.678 [warning] [Decorations] CAPPING events from decorations provider vscode.git 2519
2024-11-21 04:33:41.922 [warning] [Decorations] CAPPING events from decorations provider vscode.git 2517
2024-11-21 04:42:42.134 [warning] [Decorations] CAPPING events from decorations provider vscode.git 2519
2024-11-21 04:43:06.986 [warning] [Decorations] CAPPING events from decorations provider vscode.git 2519
2024-11-21 04:51:11.674 [warning] [Decorations] CAPPING events from decorations provider vscode.git 2520
2024-11-21 04:51:39.259 [warning] [Decorations] CAPPING events from decorations provider vscode.git 2520
2024-11-21 05:23:13.914 [warning] [Decorations] CAPPING events from decorations provider vscode.git 2520
2024-11-21 05:23:19.144 [warning] [Decorations] CAPPING events from decorations provider vscode.git 2520
2024-11-21 05:24:31.072 [warning] [Decorations] CAPPING events from decorations provider vscode.git 2520
2024-11-21 05:28:18.182 [warning] [Decorations] CAPPING events from decorations provider vscode.git 2520
2024-11-21 05:34:14.349 [warning] [Decorations] CAPPING events from decorations provider vscode.git 2520
2024-11-21 05:34:19.571 [warning] [Decorations] CAPPING events from decorations provider vscode.git 2520
2024-11-21 06:06:30.239 [warning] [Decorations] CAPPING events from decorations provider vscode.git 2527
2024-11-21 06:06:35.536 [warning] [Decorations] CAPPING events from decorations provider vscode.git 2527
2024-11-21 06:08:48.881 [warning] [Decorations] CAPPING events from decorations provider vscode.git 2528
2024-11-21 06:08:54.116 [warning] [Decorations] CAPPING events from decorations provider vscode.git 2528
