2024-11-20 00:43:26.674 [info] Extension host with pid 2148 started
2024-11-20 00:43:26.836 [info] ExtensionService#_doActivateExtension vscode.emmet, startup: false, activationEvent: 'onLanguage'
2024-11-20 00:43:26.927 [info] Lock '/home/admin_/.codeoss/data/User/workspaceStorage/-3a11461d/vscode.lock': Lock acquired.
2024-11-20 00:43:27.108 [info] ExtensionService#_doActivateExtension vscode.git-base, startup: true, activationEvent: '*', root cause: vscode.git
2024-11-20 00:43:27.244 [info] ExtensionService#_doActivateExtension vscode.git, startup: true, activationEvent: '*'
2024-11-20 00:43:27.245 [info] ExtensionService#_doActivateExtension vscode.github, startup: true, activationEvent: '*'
2024-11-20 00:43:28.901 [info] ExtensionService#_doActivateExtension redhat.fabric8-analytics, startup: true, activationEvent: 'workspaceContains:**/package.json,**/pom.xml,**/go.mod,**/requirements.txt'
2024-11-20 00:43:29.680 [info] Eager extensions activated
2024-11-20 00:43:29.689 [info] ExtensionService#_doActivateExtension EditorConfig.EditorConfig, startup: false, activationEvent: 'onStartupFinished'
2024-11-20 00:43:29.691 [info] ExtensionService#_doActivateExtension google.cloud-shell, startup: false, activationEvent: 'onStartupFinished'
2024-11-20 00:43:29.692 [info] ExtensionService#_doActivateExtension googlecloudtools.cloudcode, startup: false, activationEvent: 'onStartupFinished'
2024-11-20 00:43:29.693 [info] ExtensionService#_doActivateExtension vscode.debug-auto-launch, startup: false, activationEvent: 'onStartupFinished'
2024-11-20 00:43:29.715 [info] ExtensionService#_doActivateExtension vscode.merge-conflict, startup: false, activationEvent: 'onStartupFinished'
2024-11-20 00:43:33.563 [info] ExtensionService#_doActivateExtension vscode.json-language-features, startup: false, activationEvent: 'onLanguage:jsonc'
2024-11-20 00:43:33.565 [info] ExtensionService#_doActivateExtension vscode.typescript-language-features, startup: false, activationEvent: 'onLanguage:jsonc'
2024-11-20 00:47:25.614 [info] ExtensionService#_doActivateExtension vscode.extension-editing, startup: false, activationEvent: 'onLanguage:json'
2024-11-20 00:47:25.615 [info] ExtensionService#_doActivateExtension vscode.npm, startup: false, activationEvent: 'onLanguage:json'
2024-11-20 01:27:00.829 [info] ExtensionService#_doActivateExtension vscode.css-language-features, startup: false, activationEvent: 'onLanguage:css'
2024-11-20 01:41:27.451 [info] Extension host terminating: received terminate message from renderer
2024-11-20 01:41:27.468 [info] Lock '/home/admin_/.codeoss/data/User/workspaceStorage/-3a11461d/vscode.lock': Marking the lockfile as scheduled to be released in 6000 ms.
2024-11-20 01:41:27.570 [info] Extension host with pid 2148 exiting with code 0
