0 verbose cli /usr/local/nvm/versions/node/v22.11.0/bin/node /usr/local/nvm/versions/node/v22.11.0/bin/npm
1 info using npm@10.9.0
2 info using node@v22.11.0
3 silly config load:file:/usr/local/nvm/versions/node/v22.11.0/lib/node_modules/npm/npmrc
4 silly config load:file:/home/admin_/customer-admin-app/.npmrc
5 silly config load:file:/home/admin_/.npmrc
6 silly config load:file:/usr/local/nvm/versions/node/v22.11.0/etc/npmrc
7 verbose title npm install axios
8 verbose argv "install" "axios"
9 verbose logfile logs-max:10 dir:/home/admin_/.npm/_logs/2024-11-20T21_07_55_011Z-
10 verbose logfile /home/admin_/.npm/_logs/2024-11-20T21_07_55_011Z-debug-0.log
11 silly logfile start cleaning logs, removing 1 files
12 silly packumentCache heap:4345298944 maxSize:1086324736 maxEntrySize:543162368
13 silly logfile done cleaning log files
14 silly idealTree buildDeps
15 silly fetch manifest axios@*
16 silly packumentCache full:https://registry.npmjs.org/axios cache-miss
17 http fetch GET 200 https://registry.npmjs.org/axios 224ms (cache revalidated)
18 silly packumentCache full:https://registry.npmjs.org/axios set size:585088 disposed:false
19 silly placeDep ROOT axios@1.7.7 OK for:  want: *
20 silly fetch manifest form-data@^4.0.0
21 silly packumentCache full:https://registry.npmjs.org/form-data cache-miss
22 silly fetch manifest proxy-from-env@^1.1.0
23 silly packumentCache full:https://registry.npmjs.org/proxy-from-env cache-miss
24 silly fetch manifest follow-redirects@^1.15.6
25 silly packumentCache full:https://registry.npmjs.org/follow-redirects cache-miss
26 http fetch GET 200 https://registry.npmjs.org/form-data 65ms (cache revalidated)
27 silly packumentCache full:https://registry.npmjs.org/form-data set size:120220 disposed:false
28 http fetch GET 200 https://registry.npmjs.org/follow-redirects 131ms (cache revalidated)
29 silly packumentCache full:https://registry.npmjs.org/follow-redirects set size:182478 disposed:false
30 http fetch GET 200 https://registry.npmjs.org/proxy-from-env 169ms (cache revalidated)
31 silly packumentCache full:https://registry.npmjs.org/proxy-from-env set size:15831 disposed:false
32 silly placeDep ROOT follow-redirects@1.15.9 OK for: axios@1.7.7 want: ^1.15.6
33 silly placeDep ROOT form-data@4.0.1 OK for: axios@1.7.7 want: ^4.0.0
34 silly placeDep ROOT proxy-from-env@1.1.0 OK for: axios@1.7.7 want: ^1.1.0
35 silly fetch manifest asynckit@^0.4.0
36 silly packumentCache full:https://registry.npmjs.org/asynckit cache-miss
37 silly fetch manifest combined-stream@^1.0.8
38 silly packumentCache full:https://registry.npmjs.org/combined-stream cache-miss
39 silly fetch manifest mime-types@^2.1.12
40 silly packumentCache full:https://registry.npmjs.org/mime-types cache-miss
41 http fetch GET 200 https://registry.npmjs.org/mime-types 46ms (cache revalidated)
42 silly packumentCache full:https://registry.npmjs.org/mime-types set size:129792 disposed:false
43 http fetch GET 200 https://registry.npmjs.org/combined-stream 53ms (cache revalidated)
44 silly packumentCache full:https://registry.npmjs.org/combined-stream set size:40337 disposed:false
45 http fetch GET 200 https://registry.npmjs.org/asynckit 57ms (cache revalidated)
46 silly packumentCache full:https://registry.npmjs.org/asynckit set size:17357 disposed:false
47 silly placeDep ROOT asynckit@0.4.0 OK for: form-data@4.0.1 want: ^0.4.0
48 silly placeDep ROOT combined-stream@1.0.8 OK for: form-data@4.0.1 want: ^1.0.8
49 silly placeDep ROOT mime-types@2.1.35 OK for: form-data@4.0.1 want: ^2.1.12
50 silly fetch manifest delayed-stream@~1.0.0
51 silly packumentCache full:https://registry.npmjs.org/delayed-stream cache-miss
52 silly fetch manifest mime-db@1.52.0
53 silly packumentCache full:https://registry.npmjs.org/mime-db cache-miss
54 http fetch GET 200 https://registry.npmjs.org/delayed-stream 41ms (cache revalidated)
55 silly packumentCache full:https://registry.npmjs.org/delayed-stream set size:15820 disposed:false
56 http fetch GET 200 https://registry.npmjs.org/mime-db 51ms (cache revalidated)
57 silly packumentCache full:https://registry.npmjs.org/mime-db set size:162007 disposed:false
58 silly placeDep ROOT delayed-stream@1.0.0 OK for: combined-stream@1.0.8 want: ~1.0.0
59 silly placeDep ROOT mime-db@1.52.0 OK for: mime-types@2.1.35 want: 1.52.0
60 silly reify moves {}
61 silly audit bulk request {
61 silly audit   '@firebase/analytics': [ '0.10.10' ],
61 silly audit   '@firebase/analytics-compat': [ '0.2.16' ],
61 silly audit   '@firebase/analytics-types': [ '0.8.3' ],
61 silly audit   '@firebase/app': [ '0.10.16' ],
61 silly audit   '@firebase/app-check': [ '0.8.10' ],
61 silly audit   '@firebase/app-check-compat': [ '0.3.17' ],
61 silly audit   '@firebase/app-check-interop-types': [ '0.3.3' ],
61 silly audit   '@firebase/app-check-types': [ '0.5.3' ],
61 silly audit   '@firebase/app-compat': [ '0.2.46' ],
61 silly audit   '@firebase/app-types': [ '0.9.3' ],
61 silly audit   '@firebase/auth': [ '1.8.1' ],
61 silly audit   '@firebase/auth-compat': [ '0.5.16' ],
61 silly audit   '@firebase/auth-interop-types': [ '0.2.4' ],
61 silly audit   '@firebase/auth-types': [ '0.12.3' ],
61 silly audit   '@firebase/component': [ '0.6.11' ],
61 silly audit   '@firebase/data-connect': [ '0.1.2' ],
61 silly audit   '@firebase/database': [ '1.0.10' ],
61 silly audit   '@firebase/database-compat': [ '2.0.1' ],
61 silly audit   '@firebase/database-types': [ '1.0.7' ],
61 silly audit   '@firebase/firestore': [ '4.7.5' ],
61 silly audit   '@firebase/firestore-compat': [ '0.3.40' ],
61 silly audit   '@firebase/firestore-types': [ '3.0.3' ],
61 silly audit   '@firebase/functions': [ '0.11.10' ],
61 silly audit   '@firebase/functions-compat': [ '0.3.16' ],
61 silly audit   '@firebase/functions-types': [ '0.6.3' ],
61 silly audit   '@firebase/installations': [ '0.6.11' ],
61 silly audit   '@firebase/installations-compat': [ '0.2.11' ],
61 silly audit   '@firebase/installations-types': [ '0.5.3' ],
61 silly audit   '@firebase/logger': [ '0.4.4' ],
61 silly audit   '@firebase/messaging': [ '0.12.14' ],
61 silly audit   '@firebase/messaging-compat': [ '0.2.14' ],
61 silly audit   '@firebase/messaging-interop-types': [ '0.2.3' ],
61 silly audit   '@firebase/performance': [ '0.6.11' ],
61 silly audit   '@firebase/performance-compat': [ '0.2.11' ],
61 silly audit   '@firebase/performance-types': [ '0.2.3' ],
61 silly audit   '@firebase/remote-config': [ '0.4.11' ],
61 silly audit   '@firebase/remote-config-compat': [ '0.2.11' ],
61 silly audit   '@firebase/remote-config-types': [ '0.3.3' ],
61 silly audit   '@firebase/storage': [ '0.13.4' ],
61 silly audit   '@firebase/storage-compat': [ '0.3.14' ],
61 silly audit   '@firebase/storage-types': [ '0.8.3' ],
61 silly audit   '@firebase/util': [ '1.10.2' ],
61 silly audit   '@firebase/vertexai': [ '1.0.1' ],
61 silly audit   '@firebase/webchannel-wrapper': [ '1.0.3' ],
61 silly audit   '@grpc/grpc-js': [ '1.9.15' ],
61 silly audit   '@grpc/proto-loader': [ '0.7.13' ],
61 silly audit   '@popperjs/core': [ '2.11.8' ],
61 silly audit   '@protobufjs/aspromise': [ '1.1.2' ],
61 silly audit   '@protobufjs/base64': [ '1.1.2' ],
61 silly audit   '@protobufjs/codegen': [ '2.0.4' ],
61 silly audit   '@protobufjs/eventemitter': [ '1.1.0' ],
61 silly audit   '@protobufjs/fetch': [ '1.1.0' ],
61 silly audit   '@protobufjs/float': [ '1.0.2' ],
61 silly audit   '@protobufjs/inquire': [ '1.1.0' ],
61 silly audit   '@protobufjs/path': [ '1.1.2' ],
61 silly audit   '@protobufjs/pool': [ '1.1.0' ],
61 silly audit   '@protobufjs/utf8': [ '1.1.0' ],
61 silly audit   '@remix-run/router': [ '1.21.0' ],
61 silly audit   '@types/node': [ '22.9.1' ],
61 silly audit   'ansi-regex': [ '5.0.1' ],
61 silly audit   'ansi-styles': [ '4.3.0' ],
61 silly audit   bootstrap: [ '5.3.3' ],
61 silly audit   cliui: [ '8.0.1' ],
61 silly audit   'color-convert': [ '2.0.1' ],
61 silly audit   'color-name': [ '1.1.4' ],
61 silly audit   'emoji-regex': [ '8.0.0' ],
61 silly audit   escalade: [ '3.2.0' ],
61 silly audit   'faye-websocket': [ '0.11.4' ],
61 silly audit   firebase: [ '11.0.2' ],
61 silly audit   'get-caller-file': [ '2.0.5' ],
61 silly audit   'http-parser-js': [ '0.5.8' ],
61 silly audit   idb: [ '7.1.1' ],
61 silly audit   'is-fullwidth-code-point': [ '3.0.0' ],
61 silly audit   'js-tokens': [ '4.0.0' ],
61 silly audit   'lodash.camelcase': [ '4.3.0' ],
61 silly audit   long: [ '5.2.3' ],
61 silly audit   'loose-envify': [ '1.4.0' ],
61 silly audit   protobufjs: [ '7.4.0' ],
61 silly audit   react: [ '18.3.1' ],
61 silly audit   'react-dom': [ '18.3.1' ],
61 silly audit   'react-router': [ '6.28.0' ],
61 silly audit   'react-router-dom': [ '6.28.0' ],
61 silly audit   'require-directory': [ '2.1.1' ],
61 silly audit   'safe-buffer': [ '5.2.1' ],
61 silly audit   scheduler: [ '0.23.2' ],
61 silly audit   'string-width': [ '4.2.3' ],
61 silly audit   'strip-ansi': [ '6.0.1' ],
61 silly audit   tslib: [ '2.8.1' ],
61 silly audit   'undici-types': [ '6.19.8' ],
61 silly audit   'websocket-driver': [ '0.7.4' ],
61 silly audit   'websocket-extensions': [ '0.1.4' ],
61 silly audit   'wrap-ansi': [ '7.0.0' ],
61 silly audit   y18n: [ '5.0.8' ],
61 silly audit   yargs: [ '17.7.2' ],
61 silly audit   'yargs-parser': [ '21.1.1' ],
61 silly audit   axios: [ '1.7.7' ],
61 silly audit   'follow-redirects': [ '1.15.9' ],
61 silly audit   'form-data': [ '4.0.1' ],
61 silly audit   'proxy-from-env': [ '1.1.0' ],
61 silly audit   asynckit: [ '0.4.0' ],
61 silly audit   'combined-stream': [ '1.0.8' ],
61 silly audit   'mime-types': [ '2.1.35' ],
61 silly audit   'delayed-stream': [ '1.0.0' ],
61 silly audit   'mime-db': [ '1.52.0' ]
61 silly audit }
62 http fetch POST 200 https://registry.npmjs.org/-/npm/v1/security/advisories/bulk 101ms
63 silly audit report {}
64 silly ADD node_modules/mime-db
65 silly ADD node_modules/delayed-stream
66 silly ADD node_modules/mime-types
67 silly ADD node_modules/combined-stream
68 silly ADD node_modules/asynckit
69 silly ADD node_modules/proxy-from-env
70 silly ADD node_modules/form-data
71 silly ADD node_modules/follow-redirects
72 silly ADD node_modules/axios
73 verbose cwd /home/admin_/customer-admin-app
74 verbose os Linux 6.1.112+
75 verbose node v22.11.0
76 verbose npm  v10.9.0
77 verbose exit 0
78 info ok
