0 verbose cli /usr/local/nvm/versions/node/v22.11.0/bin/node /usr/local/nvm/versions/node/v22.11.0/bin/npm
1 info using npm@10.9.0
2 info using node@v22.11.0
3 silly config load:file:/usr/local/nvm/versions/node/v22.11.0/lib/node_modules/npm/npmrc
4 silly config load:file:/home/admin_/customer-admin-app/.npmrc
5 silly config load:file:/home/admin_/.npmrc
6 silly config load:file:/usr/local/nvm/versions/node/v22.11.0/etc/npmrc
7 verbose title npm install axios
8 verbose argv "install" "axios"
9 verbose logfile logs-max:10 dir:/home/admin_/.npm/_logs/2024-11-20T21_05_12_484Z-
10 verbose logfile /home/admin_/.npm/_logs/2024-11-20T21_05_12_484Z-debug-0.log
11 silly logfile start cleaning logs, removing 1 files
12 silly packumentCache heap:4345298944 maxSize:1086324736 maxEntrySize:543162368
13 silly logfile done cleaning log files
14 verbose stack JSONParseError: Expected ',' or '}' after property value in JSON at position 158 (line 11 column 1) while parsing near "...: \"node index.js\"\n}\n"
14 verbose stack     at /usr/local/nvm/versions/node/v22.11.0/lib/node_modules/npm/node_modules/read-package-json-fast/lib/index.js:7:61
14 verbose stack     at async #initTree (/usr/local/nvm/versions/node/v22.11.0/lib/node_modules/npm/node_modules/@npmcli/arborist/lib/arborist/build-ideal-tree.js:268:21)
14 verbose stack     at async Arborist.buildIdealTree (/usr/local/nvm/versions/node/v22.11.0/lib/node_modules/npm/node_modules/@npmcli/arborist/lib/arborist/build-ideal-tree.js:178:7)
14 verbose stack     at async Promise.all (index 1)
14 verbose stack     at async Arborist.reify (/usr/local/nvm/versions/node/v22.11.0/lib/node_modules/npm/node_modules/@npmcli/arborist/lib/arborist/reify.js:131:5)
14 verbose stack     at async Install.exec (/usr/local/nvm/versions/node/v22.11.0/lib/node_modules/npm/lib/commands/install.js:150:5)
14 verbose stack     at async Npm.exec (/usr/local/nvm/versions/node/v22.11.0/lib/node_modules/npm/lib/npm.js:207:9)
14 verbose stack     at async module.exports (/usr/local/nvm/versions/node/v22.11.0/lib/node_modules/npm/lib/cli/entry.js:74:5)
15 error code EJSONPARSE
16 error path /home/admin_/customer-admin-app/package.json
17 error JSON.parse Expected ',' or '}' after property value in JSON at position 158 (line 11 column 1) while parsing near "...: \"node index.js\"\n}\n"
18 error JSON.parse Failed to parse JSON data.
18 error JSON.parse Note: package.json must be actual JSON, not just JavaScript.
19 silly unfinished npm timer reify 1732136712928
20 silly unfinished npm timer reify:loadTrees 1732136712929
21 silly unfinished npm timer idealTree:init 1732136712930
22 verbose cwd /home/admin_/customer-admin-app
23 verbose os Linux 6.1.112+
24 verbose node v22.11.0
25 verbose npm  v10.9.0
26 verbose exit 1
27 verbose code 1
28 error A complete log of this run can be found in: /home/admin_/.npm/_logs/2024-11-20T21_05_12_484Z-debug-0.log
