0 verbose cli /usr/local/nvm/versions/node/v22.11.0/bin/node /usr/local/nvm/versions/node/v22.11.0/bin/npm
1 info using npm@10.9.0
2 info using node@v22.11.0
3 silly config load:file:/usr/local/nvm/versions/node/v22.11.0/lib/node_modules/npm/npmrc
4 silly config load:file:/home/admin_/customer-admin-app/.npmrc
5 silly config load:file:/home/admin_/.npmrc
6 silly config load:file:/usr/local/nvm/versions/node/v22.11.0/etc/npmrc
7 verbose title npm cache clean
8 verbose argv "cache" "clean" "--force"
9 verbose logfile logs-max:10 dir:/home/admin_/.npm/_logs/2024-11-20T21_09_14_104Z-
10 verbose logfile /home/admin_/.npm/_logs/2024-11-20T21_09_14_104Z-debug-0.log
11 warn using --force Recommended protections disabled.
12 silly logfile start cleaning logs, removing 1 files
13 silly logfile done cleaning log files
14 verbose cwd /home/admin_/customer-admin-app
15 verbose os Linux 6.1.112+
16 verbose node v22.11.0
17 verbose npm  v10.9.0
18 verbose exit 0
19 info ok
