2024-11-21 00:58:55.437 [info] Log level: Info
2024-11-21 00:58:55.437 [info] Validating found git in: "git"
2024-11-21 00:58:55.437 [info] Using git "2.43.0" from "git"
2024-11-21 00:58:55.437 [info] > git rev-parse --show-toplevel [746ms]
2024-11-21 00:58:55.438 [info] > git rev-parse --git-dir --git-common-dir [15ms]
2024-11-21 00:58:55.438 [info] Open repository: /home/admin_
2024-11-21 00:58:55.442 [info] > git rev-parse --show-toplevel [60ms]
2024-11-21 00:58:55.444 [info] > git config --get commit.template [103ms]
2024-11-21 00:58:55.595 [info] > git rev-parse --show-toplevel [110ms]
2024-11-21 00:58:55.709 [info] > git for-each-ref --format=%(refname)%00%(upstream:short)%00%(objectname)%00%(upstream:track)%00%(upstream:remotename)%00%(upstream:remoteref) refs/heads/master refs/remotes/master [118ms]
2024-11-21 00:58:55.713 [info] > git rev-parse --show-toplevel [9ms]
2024-11-21 00:58:59.252 [info] > git status -z -uall [3469ms]
2024-11-21 00:58:59.253 [info] > git check-ignore -v -z --stdin [14ms]
2024-11-21 00:58:59.261 [info] > git rev-parse --show-toplevel [3446ms]
2024-11-21 00:59:00.251 [info] > git merge-base refs/heads/master refs/remotes/origin/master [916ms]
2024-11-21 00:59:00.277 [info] > git rev-parse --show-toplevel [994ms]
2024-11-21 00:59:00.332 [info] > git rev-list --count --left-right refs/heads/master...refs/remotes/origin/master [56ms]
2024-11-21 00:59:00.363 [info] > git config --get commit.template [285ms]
2024-11-21 00:59:00.369 [info] > git rev-parse --show-toplevel [42ms]
2024-11-21 00:59:00.491 [info] > git rev-parse --show-toplevel [43ms]
2024-11-21 00:59:00.492 [info] > git for-each-ref --format=%(refname)%00%(upstream:short)%00%(objectname)%00%(upstream:track)%00%(upstream:remotename)%00%(upstream:remoteref) refs/heads/master refs/remotes/master [95ms]
2024-11-21 00:59:00.493 [info] > git diff --name-status -z --diff-filter=ADMR a5544f3925d576e9636242bf3b3975fcb9ddedb2...refs/remotes/origin/master [132ms]
2024-11-21 00:59:00.527 [info] > git rev-parse --show-toplevel [8ms]
2024-11-21 00:59:00.582 [info] > git rev-parse --git-dir --git-common-dir [32ms]
2024-11-21 00:59:00.592 [info] Open repository: /home/admin_/.nvm
2024-11-21 00:59:00.685 [info] > git config --get commit.template [35ms]
2024-11-21 00:59:00.772 [info] > git rev-parse --show-toplevel [91ms]
2024-11-21 00:59:00.827 [info] > git status -z -uall [250ms]
2024-11-21 00:59:00.828 [info] > git rev-parse --show-toplevel [9ms]
2024-11-21 00:59:00.829 [info] > git for-each-ref --format %(refname) %(objectname) %(*objectname) refs/tags [34ms]
2024-11-21 00:59:00.947 [info] > git status -z -uall [97ms]
2024-11-21 00:59:00.972 [info] > git rev-parse --show-toplevel [28ms]
2024-11-21 00:59:01.679 [info] > git config --get commit.template [710ms]
2024-11-21 00:59:01.697 [info] > git rev-parse --show-toplevel [132ms]
2024-11-21 00:59:01.757 [info] > git rev-parse --show-toplevel [10ms]
2024-11-21 00:59:01.758 [info] > git for-each-ref --format %(refname) %(objectname) %(*objectname) refs/tags [36ms]
2024-11-21 00:59:01.807 [info] > git status -z -uall [29ms]
2024-11-21 00:59:01.807 [info] > git rev-parse --show-toplevel [4ms]
2024-11-21 00:59:01.898 [info] > git show --textconv :functions/index.js [69ms]
2024-11-21 00:59:01.899 [info] > git ls-files --stage -- /home/admin_/functions/index.js [48ms]
2024-11-21 00:59:02.139 [info] > git check-ignore -v -z --stdin [13ms]
2024-11-21 02:20:39.601 [info] > git check-ignore -v -z --stdin [3ms]
2024-11-21 02:51:29.065 [info] > git check-ignore -v -z --stdin [2ms]
2024-11-21 03:54:08.122 [info] > git check-ignore -v -z --stdin [3ms]
2024-11-21 04:02:37.584 [info] > git check-ignore -v -z --stdin [3ms]
