2024-11-21 03:38:07.295 [info] Log level: Info
2024-11-21 03:38:07.295 [info] Validating found git in: "git"
2024-11-21 03:38:07.295 [info] Using git "2.43.0" from "git"
2024-11-21 03:38:07.295 [info] > git rev-parse --show-toplevel [56ms]
2024-11-21 03:38:07.296 [info] > git rev-parse --git-dir --git-common-dir [4ms]
2024-11-21 03:38:07.317 [info] Open repository: /home/admin_
2024-11-21 03:38:07.351 [info] > git config --get commit.template [15ms]
2024-11-21 03:38:07.353 [info] > git rev-parse --show-toplevel [5ms]
2024-11-21 03:38:07.383 [info] > git for-each-ref --format=%(refname)%00%(upstream:short)%00%(objectname)%00%(upstream:track)%00%(upstream:remotename)%00%(upstream:remoteref) refs/heads/master refs/remotes/master [16ms]
2024-11-21 03:38:07.385 [info] > git rev-parse --show-toplevel [5ms]
2024-11-21 03:38:07.433 [info] > git rev-parse --show-toplevel [18ms]
2024-11-21 03:38:07.451 [info] > git rev-parse --show-toplevel [4ms]
2024-11-21 03:38:07.468 [info] > git rev-parse --show-toplevel [3ms]
2024-11-21 03:38:07.491 [info] > git rev-parse --show-toplevel [9ms]
2024-11-21 03:38:07.642 [info] > git status -z -uall [210ms]
2024-11-21 03:38:07.644 [info] > git rev-parse --show-toplevel [112ms]
2024-11-21 03:38:08.716 [info] > git merge-base refs/heads/master refs/remotes/origin/master [1013ms]
2024-11-21 03:38:08.732 [info] > git rev-parse --show-toplevel [1071ms]
2024-11-21 03:38:08.792 [info] > git check-ignore -v -z --stdin [44ms]
2024-11-21 03:38:08.795 [info] > git rev-list --count --left-right refs/heads/master...refs/remotes/origin/master [64ms]
2024-11-21 03:38:08.817 [info] > git config --get commit.template [426ms]
2024-11-21 03:38:08.820 [info] > git rev-parse --git-dir --git-common-dir [39ms]
2024-11-21 03:38:08.843 [info] Open repository: /home/admin_/.nvm
2024-11-21 03:38:08.896 [info] > git diff --name-status -z --diff-filter=ADMR d006192aabd58982c91bfb123ebb4c7a65552cc2...refs/remotes/origin/master [82ms]
2024-11-21 03:38:08.924 [info] > git rev-parse --show-toplevel [30ms]
2024-11-21 03:38:08.925 [info] > git config --get commit.template [45ms]
2024-11-21 03:38:08.926 [info] > git for-each-ref --format=%(refname)%00%(upstream:short)%00%(objectname)%00%(upstream:track)%00%(upstream:remotename)%00%(upstream:remoteref) refs/heads/master refs/remotes/master [63ms]
2024-11-21 03:38:08.967 [info] > git for-each-ref --format %(refname) %(objectname) %(*objectname) refs/tags [6ms]
2024-11-21 03:38:08.985 [info] > git rev-parse --show-toplevel [43ms]
2024-11-21 03:38:09.025 [info] > git status -z -uall [40ms]
2024-11-21 03:38:09.026 [info] > git rev-parse --show-toplevel [7ms]
2024-11-21 03:38:09.074 [info] > git config --get commit.template [4ms]
2024-11-21 03:38:09.075 [info] > git rev-parse --show-toplevel [25ms]
2024-11-21 03:38:09.123 [info] > git for-each-ref --format %(refname) %(objectname) %(*objectname) refs/tags [3ms]
2024-11-21 03:38:09.138 [info] > git rev-parse --show-toplevel [33ms]
2024-11-21 03:38:09.163 [info] > git status -z -uall [26ms]
2024-11-21 03:38:09.163 [info] > git status -z -uall [162ms]
2024-11-21 03:38:09.170 [info] > git rev-parse --show-toplevel [10ms]
2024-11-21 03:38:12.403 [info] > git show --textconv :customer-admin-app/firebase.json [2663ms]
2024-11-21 03:38:12.404 [info] > git check-ignore -v -z --stdin [35ms]
2024-11-21 03:38:12.405 [info] > git ls-files --stage -- /home/admin_/customer-admin-app/firebase.json [2643ms]
2024-11-21 03:38:12.433 [info] > git cat-file -s e0e857924904bb65c803cf68f8d101fa43d225a2 [4ms]
2024-11-21 03:38:15.185 [info] > git check-ignore -v -z --stdin [3ms]
2024-11-21 03:38:17.103 [info] > git check-ignore -v -z --stdin [3ms]
2024-11-21 03:38:25.958 [info] > git config --get commit.template [29ms]
2024-11-21 03:38:26.010 [info] > git for-each-ref --format=%(refname)%00%(upstream:short)%00%(objectname)%00%(upstream:track)%00%(upstream:remotename)%00%(upstream:remoteref) refs/heads/master refs/remotes/master [11ms]
2024-11-21 03:38:26.208 [info] > git status -z -uall [152ms]
2024-11-21 03:49:11.968 [info] > git config --get commit.template [1ms]
2024-11-21 03:49:11.996 [info] > git for-each-ref --format=%(refname)%00%(upstream:short)%00%(objectname)%00%(upstream:track)%00%(upstream:remotename)%00%(upstream:remoteref) refs/heads/master refs/remotes/master [2ms]
2024-11-21 03:49:12.130 [info] > git status -z -uall [108ms]
2024-11-21 03:49:17.284 [info] > git config --get commit.template [27ms]
2024-11-21 03:49:17.285 [info] > git for-each-ref --format=%(refname)%00%(upstream:short)%00%(objectname)%00%(upstream:track)%00%(upstream:remotename)%00%(upstream:remoteref) refs/heads/master refs/remotes/master [2ms]
2024-11-21 03:49:17.405 [info] > git status -z -uall [95ms]
2024-11-21 03:56:03.070 [info] > git config --get commit.template [28ms]
2024-11-21 03:56:03.071 [info] > git for-each-ref --format=%(refname)%00%(upstream:short)%00%(objectname)%00%(upstream:track)%00%(upstream:remotename)%00%(upstream:remoteref) refs/heads/master refs/remotes/master [3ms]
2024-11-21 03:56:03.207 [info] > git status -z -uall [109ms]
2024-11-21 03:56:03.796 [info] > git check-ignore -v -z --stdin [3ms]
2024-11-21 04:10:25.961 [info] > git config --get commit.template [30ms]
2024-11-21 04:10:25.962 [info] > git for-each-ref --format=%(refname)%00%(upstream:short)%00%(objectname)%00%(upstream:track)%00%(upstream:remotename)%00%(upstream:remoteref) refs/heads/master refs/remotes/master [3ms]
2024-11-21 04:10:26.088 [info] > git status -z -uall [101ms]
2024-11-21 04:10:26.565 [info] > git check-ignore -v -z --stdin [4ms]
2024-11-21 04:10:28.246 [info] > git check-ignore -v -z --stdin [3ms]
2024-11-21 04:10:31.203 [info] > git config --get commit.template [28ms]
2024-11-21 04:10:31.203 [info] > git for-each-ref --format=%(refname)%00%(upstream:short)%00%(objectname)%00%(upstream:track)%00%(upstream:remotename)%00%(upstream:remoteref) refs/heads/master refs/remotes/master [2ms]
2024-11-21 04:10:31.327 [info] > git status -z -uall [97ms]
2024-11-21 04:10:32.341 [info] > git show --textconv :customer-admin-app/react-frontend/cloudbuild.yaml [31ms]
2024-11-21 04:10:32.346 [info] > git ls-files --stage -- /home/admin_/customer-admin-app/react-frontend/cloudbuild.yaml [8ms]
2024-11-21 04:10:42.862 [info] > git show --textconv :customer-admin-app/react-frontend/Dockerfile [28ms]
2024-11-21 04:10:42.864 [info] > git ls-files --stage -- /home/admin_/customer-admin-app/react-frontend/Dockerfile [3ms]
2024-11-21 04:10:44.192 [info] > git show --textconv :customer-admin-app/react-frontend/cloudbuild.yaml [30ms]
2024-11-21 04:10:44.196 [info] > git ls-files --stage -- /home/admin_/customer-admin-app/react-frontend/cloudbuild.yaml [7ms]
2024-11-21 04:33:36.422 [info] > git config --get commit.template [28ms]
2024-11-21 04:33:36.423 [info] > git for-each-ref --format=%(refname)%00%(upstream:short)%00%(objectname)%00%(upstream:track)%00%(upstream:remotename)%00%(upstream:remoteref) refs/heads/master refs/remotes/master [2ms]
2024-11-21 04:33:36.482 [info] > git ls-files --stage -- /home/admin_/customer-admin-app/react-frontend/cloudbuild.yaml [4ms]
2024-11-21 04:33:36.520 [info] > git cat-file -s 22c45d67dd8055927bc70ab1a4935bef0123693d [2ms]
2024-11-21 04:33:36.589 [info] > git status -z -uall [140ms]
2024-11-21 04:33:36.589 [info] > git show --textconv :customer-admin-app/react-frontend/cloudbuild.yaml [5ms]
2024-11-21 04:33:36.688 [info] > git merge-base refs/heads/master refs/remotes/origin/master [49ms]
2024-11-21 04:33:37.037 [info] > git rev-list --count --left-right refs/heads/master...refs/remotes/origin/master [322ms]
2024-11-21 04:33:37.065 [info] > git diff --name-status -z --diff-filter=ADMR a42df9e35fb43350784be8167ee541c9372e0b62...refs/remotes/origin/master [2ms]
2024-11-21 04:33:41.720 [info] > git config --get commit.template [2ms]
2024-11-21 04:33:41.754 [info] > git for-each-ref --format=%(refname)%00%(upstream:short)%00%(objectname)%00%(upstream:track)%00%(upstream:remotename)%00%(upstream:remoteref) refs/heads/master refs/remotes/master [3ms]
2024-11-21 04:33:41.885 [info] > git status -z -uall [99ms]
2024-11-21 04:42:41.800 [info] > git config --get commit.template [44ms]
2024-11-21 04:42:41.802 [info] > git ls-files --stage -- /home/admin_/customer-admin-app/react-frontend/cloudbuild.yaml [4ms]
2024-11-21 04:42:41.881 [info] > git cat-file -s 0b452fd93d9eb107e8f6fedb34f559b705e114f7 [40ms]
2024-11-21 04:42:41.883 [info] > git for-each-ref --format=%(refname)%00%(upstream:short)%00%(objectname)%00%(upstream:track)%00%(upstream:remotename)%00%(upstream:remoteref) refs/heads/master refs/remotes/master [5ms]
2024-11-21 04:42:41.965 [info] > git show --textconv :customer-admin-app/react-frontend/cloudbuild.yaml [6ms]
2024-11-21 04:42:42.037 [info] > git status -z -uall [115ms]
2024-11-21 04:42:42.151 [info] > git merge-base refs/heads/master refs/remotes/origin/master [52ms]
2024-11-21 04:42:42.496 [info] > git rev-list --count --left-right refs/heads/master...refs/remotes/origin/master [312ms]
2024-11-21 04:42:42.532 [info] > git diff --name-status -z --diff-filter=ADMR fa0d50e967fe50615ed6dd2c98260aafd1201f93...refs/remotes/origin/master [3ms]
2024-11-21 04:43:06.804 [info] > git config --get commit.template [34ms]
2024-11-21 04:43:06.805 [info] > git for-each-ref --format=%(refname)%00%(upstream:short)%00%(objectname)%00%(upstream:track)%00%(upstream:remotename)%00%(upstream:remoteref) refs/heads/master refs/remotes/master [3ms]
2024-11-21 04:43:06.942 [info] > git status -z -uall [104ms]
2024-11-21 04:51:11.435 [info] > git config --get commit.template [54ms]
2024-11-21 04:51:11.436 [info] > git ls-files --stage -- /home/admin_/customer-admin-app/react-frontend/cloudbuild.yaml [3ms]
2024-11-21 04:51:11.462 [info] > git for-each-ref --format=%(refname)%00%(upstream:short)%00%(objectname)%00%(upstream:track)%00%(upstream:remotename)%00%(upstream:remoteref) refs/heads/master refs/remotes/master [56ms]
2024-11-21 04:51:11.463 [info] > git cat-file -s 3e04f7386b3dae366023387209ab16b082a7e228 [2ms]
2024-11-21 04:51:11.556 [info] > git show --textconv :customer-admin-app/react-frontend/cloudbuild.yaml [5ms]
2024-11-21 04:51:11.593 [info] > git status -z -uall [101ms]
2024-11-21 04:51:11.685 [info] > git merge-base refs/heads/master refs/remotes/origin/master [40ms]
2024-11-21 04:51:11.713 [info] > git rev-list --count --left-right refs/heads/master...refs/remotes/origin/master [2ms]
2024-11-21 04:51:12.061 [info] > git diff --name-status -z --diff-filter=ADMR 8f43d21a390911a9b25387ad6b0a8039dbeb1037...refs/remotes/origin/master [320ms]
2024-11-21 04:51:13.076 [info] > git show --textconv :customer-admin-app/react-frontend/Dockerfile [28ms]
2024-11-21 04:51:13.078 [info] > git ls-files --stage -- /home/admin_/customer-admin-app/react-frontend/Dockerfile [4ms]
2024-11-21 04:51:13.106 [info] > git cat-file -s 12a7d6a473a3bb042c35596a0f489941e8b60d68 [2ms]
2024-11-21 04:51:39.064 [info] > git config --get commit.template [34ms]
2024-11-21 04:51:39.065 [info] > git for-each-ref --format=%(refname)%00%(upstream:short)%00%(objectname)%00%(upstream:track)%00%(upstream:remotename)%00%(upstream:remoteref) refs/heads/master refs/remotes/master [3ms]
2024-11-21 04:51:39.203 [info] > git status -z -uall [105ms]
2024-11-21 05:23:13.731 [info] > git config --get commit.template [29ms]
2024-11-21 05:23:13.732 [info] > git for-each-ref --format=%(refname)%00%(upstream:short)%00%(objectname)%00%(upstream:track)%00%(upstream:remotename)%00%(upstream:remoteref) refs/heads/master refs/remotes/master [3ms]
2024-11-21 05:23:13.864 [info] > git status -z -uall [105ms]
2024-11-21 05:23:15.725 [info] > git show --textconv :customer-admin-app/react-frontend/cloudbuild.yaml [30ms]
2024-11-21 05:23:15.728 [info] > git ls-files --stage -- /home/admin_/customer-admin-app/react-frontend/cloudbuild.yaml [5ms]
2024-11-21 05:23:15.757 [info] > git cat-file -s 3e04f7386b3dae366023387209ab16b082a7e228 [3ms]
2024-11-21 05:23:18.976 [info] > git config --get commit.template [28ms]
2024-11-21 05:23:18.976 [info] > git for-each-ref --format=%(refname)%00%(upstream:short)%00%(objectname)%00%(upstream:track)%00%(upstream:remotename)%00%(upstream:remoteref) refs/heads/master refs/remotes/master [2ms]
2024-11-21 05:23:19.101 [info] > git status -z -uall [97ms]
2024-11-21 05:24:30.894 [info] > git config --get commit.template [30ms]
2024-11-21 05:24:30.894 [info] > git for-each-ref --format=%(refname)%00%(upstream:short)%00%(objectname)%00%(upstream:track)%00%(upstream:remotename)%00%(upstream:remoteref) refs/heads/master refs/remotes/master [2ms]
2024-11-21 05:24:31.024 [info] > git status -z -uall [101ms]
2024-11-21 05:28:17.994 [info] > git config --get commit.template [33ms]
2024-11-21 05:28:17.995 [info] > git for-each-ref --format=%(refname)%00%(upstream:short)%00%(objectname)%00%(upstream:track)%00%(upstream:remotename)%00%(upstream:remoteref) refs/heads/master refs/remotes/master [4ms]
2024-11-21 05:28:18.129 [info] > git status -z -uall [102ms]
2024-11-21 05:34:14.065 [info] > git config --get commit.template [32ms]
2024-11-21 05:34:14.065 [info] > git config --get commit.template [58ms]
2024-11-21 05:34:14.066 [info] > git ls-files --stage -- /home/admin_/customer-admin-app/react-frontend/cloudbuild.yaml [3ms]
2024-11-21 05:34:14.146 [info] > git for-each-ref --format=%(refname)%00%(upstream:short)%00%(objectname)%00%(upstream:track)%00%(upstream:remotename)%00%(upstream:remoteref) refs/heads/master refs/remotes/master [28ms]
2024-11-21 05:34:14.147 [info] > git cat-file -s 3e04f7386b3dae366023387209ab16b082a7e228 [55ms]
2024-11-21 05:34:14.149 [info] > git for-each-ref --format %(refname) %(objectname) %(*objectname) refs/tags [5ms]
2024-11-21 05:34:14.239 [info] > git status -z -uall [65ms]
2024-11-21 05:34:14.244 [info] > git show --textconv :customer-admin-app/react-frontend/cloudbuild.yaml [6ms]
2024-11-21 05:34:14.306 [info] > git status -z -uall [104ms]
2024-11-21 05:34:19.415 [info] > git config --get commit.template [29ms]
2024-11-21 05:34:19.415 [info] > git for-each-ref --format=%(refname)%00%(upstream:short)%00%(objectname)%00%(upstream:track)%00%(upstream:remotename)%00%(upstream:remoteref) refs/heads/master refs/remotes/master [3ms]
2024-11-21 05:34:19.529 [info] > git status -z -uall [87ms]
2024-11-21 06:06:29.961 [info] > git config --get commit.template [30ms]
2024-11-21 06:06:29.992 [info] > git for-each-ref --format=%(refname)%00%(upstream:short)%00%(objectname)%00%(upstream:track)%00%(upstream:remotename)%00%(upstream:remoteref) refs/heads/master refs/remotes/master [32ms]
2024-11-21 06:06:29.994 [info] > git ls-files --stage -- /home/admin_/customer-admin-app/react-frontend/cloudbuild.yaml [4ms]
2024-11-21 06:06:30.054 [info] > git cat-file -s d5aaf466da3540544dc85c7b62fc03124725031a [31ms]
2024-11-21 06:06:30.127 [info] > git show --textconv :customer-admin-app/react-frontend/cloudbuild.yaml [3ms]
2024-11-21 06:06:30.149 [info] > git status -z -uall [97ms]
2024-11-21 06:06:30.250 [info] > git merge-base refs/heads/master refs/remotes/origin/master [46ms]
2024-11-21 06:06:30.606 [info] > git rev-list --count --left-right refs/heads/master...refs/remotes/origin/master [327ms]
2024-11-21 06:06:30.638 [info] > git diff --name-status -z --diff-filter=ADMR 391649003198309b4bcd067d89c360a93d10f671...refs/remotes/origin/master [3ms]
2024-11-21 06:06:35.335 [info] > git config --get commit.template [44ms]
2024-11-21 06:06:35.336 [info] > git for-each-ref --format=%(refname)%00%(upstream:short)%00%(objectname)%00%(upstream:track)%00%(upstream:remotename)%00%(upstream:remoteref) refs/heads/master refs/remotes/master [4ms]
2024-11-21 06:06:35.485 [info] > git status -z -uall [107ms]
2024-11-21 06:07:40.591 [info] > git show --textconv :customer-admin-app/react-frontend/Dockerfile [32ms]
2024-11-21 06:07:40.592 [info] > git ls-files --stage -- /home/admin_/customer-admin-app/react-frontend/Dockerfile [6ms]
2024-11-21 06:07:40.623 [info] > git cat-file -s 12a7d6a473a3bb042c35596a0f489941e8b60d68 [3ms]
2024-11-21 06:07:41.628 [info] > git show --textconv :customer-admin-app/react-frontend/cloudbuild.yaml [31ms]
2024-11-21 06:07:41.631 [info] > git ls-files --stage -- /home/admin_/customer-admin-app/react-frontend/cloudbuild.yaml [6ms]
2024-11-21 06:07:41.662 [info] > git cat-file -s d5aaf466da3540544dc85c7b62fc03124725031a [5ms]
2024-11-21 06:08:48.700 [info] > git config --get commit.template [34ms]
2024-11-21 06:08:48.700 [info] > git for-each-ref --format=%(refname)%00%(upstream:short)%00%(objectname)%00%(upstream:track)%00%(upstream:remotename)%00%(upstream:remoteref) refs/heads/master refs/remotes/master [2ms]
2024-11-21 06:08:48.830 [info] > git status -z -uall [97ms]
2024-11-21 06:08:53.949 [info] > git config --get commit.template [29ms]
2024-11-21 06:08:53.950 [info] > git for-each-ref --format=%(refname)%00%(upstream:short)%00%(objectname)%00%(upstream:track)%00%(upstream:remotename)%00%(upstream:remoteref) refs/heads/master refs/remotes/master [2ms]
2024-11-21 06:08:54.075 [info] > git status -z -uall [96ms]
