2024-11-20 00:41:38.519 [info] Extension host with pid 2010 started
2024-11-20 00:41:38.520 [error] Error: EEXIST: file already exists, open '/home/admin_/.codeoss/data/User/workspaceStorage/-4d68eafe/vscode.lock'
2024-11-20 00:41:38.535 [info] Lock '/home/admin_/.codeoss/data/User/workspaceStorage/-4d68eafe/vscode.lock': Could not acquire lock, checking if the file is stale.
2024-11-20 00:41:38.585 [info] Lock '/home/admin_/.codeoss/data/User/workspaceStorage/-4d68eafe/vscode.lock': The lock does not look stale, elapsed: 545 ms, giving up.
2024-11-20 00:41:38.698 [info] ExtensionService#_doActivateExtension vscode.git-base, startup: true, activationEvent: '*', root cause: vscode.git
2024-11-20 00:41:38.770 [info] Lock '/home/admin_/.codeoss/data/User/workspaceStorage/-4d68eafe-1/vscode.lock': Lock acquired.
2024-11-20 00:41:38.816 [info] ExtensionService#_doActivateExtension vscode.git, startup: true, activationEvent: '*'
2024-11-20 00:41:38.817 [info] ExtensionService#_doActivateExtension vscode.github, startup: true, activationEvent: '*'
2024-11-20 00:41:40.735 [info] ExtensionService#_doActivateExtension redhat.fabric8-analytics, startup: true, activationEvent: 'workspaceContains:**/package.json,**/pom.xml,**/go.mod,**/requirements.txt'
2024-11-20 00:41:41.497 [info] Eager extensions activated
2024-11-20 00:41:41.498 [info] ExtensionService#_doActivateExtension EditorConfig.EditorConfig, startup: false, activationEvent: 'onStartupFinished'
2024-11-20 00:41:41.499 [info] ExtensionService#_doActivateExtension google.cloud-shell, startup: false, activationEvent: 'onStartupFinished'
2024-11-20 00:41:41.506 [info] ExtensionService#_doActivateExtension googlecloudtools.cloudcode, startup: false, activationEvent: 'onStartupFinished'
2024-11-20 00:41:41.507 [info] ExtensionService#_doActivateExtension vscode.debug-auto-launch, startup: false, activationEvent: 'onStartupFinished'
2024-11-20 00:41:41.508 [info] ExtensionService#_doActivateExtension vscode.merge-conflict, startup: false, activationEvent: 'onStartupFinished'
2024-11-20 00:41:45.350 [info] ExtensionService#_doActivateExtension vscode.emmet, startup: false, activationEvent: 'onLanguage'
2024-11-20 00:41:45.652 [info] ExtensionService#_doActivateExtension vscode.json-language-features, startup: false, activationEvent: 'onLanguage:jsonc'
2024-11-20 00:41:45.653 [info] ExtensionService#_doActivateExtension vscode.typescript-language-features, startup: false, activationEvent: 'onLanguage:jsonc'
2024-11-20 08:55:13.239 [info] Extension host terminating: received terminate message from renderer
2024-11-20 08:55:13.261 [info] Lock '/home/admin_/.codeoss/data/User/workspaceStorage/-4d68eafe-1/vscode.lock': Marking the lockfile as scheduled to be released in 6000 ms.
2024-11-20 08:55:13.373 [info] Extension host with pid 2010 exiting with code 0
