2024-11-21 00:58:08.441 [info] Log level: Info
2024-11-21 00:58:08.441 [info] Validating found git in: "git"
2024-11-21 00:58:08.441 [info] Using git "2.43.0" from "git"
2024-11-21 00:58:08.441 [info] > git rev-parse --show-toplevel [413ms]
2024-11-21 00:58:08.441 [info] > git rev-parse --git-dir --git-common-dir [92ms]
2024-11-21 00:58:08.441 [info] Open repository: /home/admin_
2024-11-21 00:58:08.441 [info] > git rev-parse --show-toplevel [143ms]
2024-11-21 00:58:08.441 [info] > git config --get commit.template [176ms]
2024-11-21 00:58:08.500 [info] > git rev-parse --show-toplevel [118ms]
2024-11-21 00:58:08.536 [info] > git for-each-ref --format=%(refname)%00%(upstream:short)%00%(objectname)%00%(upstream:track)%00%(upstream:remotename)%00%(upstream:remoteref) refs/heads/master refs/remotes/master [68ms]
2024-11-21 00:58:08.747 [info] > git rev-parse --show-toplevel [215ms]
2024-11-21 00:58:08.898 [info] > git check-ignore -v -z --stdin [115ms]
2024-11-21 00:58:08.981 [info] > git rev-parse --show-toplevel [99ms]
2024-11-21 00:58:09.529 [info] > git status -z -uall [551ms]
2024-11-21 00:58:09.540 [info] > git rev-parse --show-toplevel [25ms]
2024-11-21 00:58:10.473 [info] > git merge-base refs/heads/master refs/remotes/origin/master [779ms]
2024-11-21 00:58:10.499 [info] > git rev-parse --show-toplevel [922ms]
2024-11-21 00:58:10.563 [info] > git rev-list --count --left-right refs/heads/master...refs/remotes/origin/master [66ms]
2024-11-21 00:58:10.595 [info] > git config --get commit.template [233ms]
2024-11-21 00:58:10.601 [info] > git diff --name-status -z --diff-filter=ADMR a5544f3925d576e9636242bf3b3975fcb9ddedb2...refs/remotes/origin/master [6ms]
2024-11-21 00:58:10.602 [info] > git rev-parse --show-toplevel [58ms]
2024-11-21 00:58:10.674 [info] > git for-each-ref --format=%(refname)%00%(upstream:short)%00%(objectname)%00%(upstream:track)%00%(upstream:remotename)%00%(upstream:remoteref) refs/heads/master refs/remotes/master [42ms]
2024-11-21 00:58:10.680 [info] > git rev-parse --show-toplevel [20ms]
2024-11-21 00:58:10.745 [info] > git rev-parse --git-dir --git-common-dir [34ms]
2024-11-21 00:58:10.753 [info] Open repository: /home/admin_/.nvm
2024-11-21 00:58:10.826 [info] > git rev-parse --show-toplevel [5ms]
2024-11-21 00:58:10.827 [info] > git config --get commit.template [43ms]
2024-11-21 00:58:11.025 [info] > git status -z -uall [281ms]
2024-11-21 00:58:11.026 [info] > git rev-parse --show-toplevel [111ms]
2024-11-21 00:58:11.098 [info] > git for-each-ref --format %(refname) %(objectname) %(*objectname) refs/tags [79ms]
2024-11-21 00:58:11.259 [info] > git status -z -uall [132ms]
2024-11-21 00:58:11.266 [info] > git rev-parse --show-toplevel [173ms]
2024-11-21 00:58:12.087 [info] > git rev-parse --show-toplevel [66ms]
2024-11-21 00:58:12.088 [info] > git config --get commit.template [104ms]
2024-11-21 00:58:12.276 [info] > git for-each-ref --format %(refname) %(objectname) %(*objectname) refs/tags [7ms]
2024-11-21 00:58:12.310 [info] > git rev-parse --show-toplevel [186ms]
2024-11-21 00:58:12.353 [info] > git status -z -uall [44ms]
2024-11-21 00:58:12.357 [info] > git rev-parse --show-toplevel [9ms]
2024-11-21 00:58:12.461 [info] > git show --textconv :functions/index.js [69ms]
2024-11-21 00:58:12.469 [info] > git rev-parse --show-toplevel [10ms]
2024-11-21 00:58:12.470 [info] > git ls-files --stage -- /home/admin_/functions/index.js [41ms]
2024-11-21 00:58:12.564 [info] > git check-ignore -v -z --stdin [8ms]
2024-11-21 00:58:14.911 [info] > git config --get commit.template [9ms]
2024-11-21 00:58:14.948 [info] > git for-each-ref --format=%(refname)%00%(upstream:short)%00%(objectname)%00%(upstream:track)%00%(upstream:remotename)%00%(upstream:remoteref) refs/heads/master refs/remotes/master [4ms]
2024-11-21 00:58:15.269 [info] > git status -z -uall [272ms]
2024-11-21 00:58:52.795 [info] > git config --get commit.template [3ms]
2024-11-21 00:58:52.838 [info] > git for-each-ref --format=%(refname)%00%(upstream:short)%00%(objectname)%00%(upstream:track)%00%(upstream:remotename)%00%(upstream:remoteref) refs/heads/master refs/remotes/master [4ms]
2024-11-21 00:58:52.983 [info] > git status -z -uall [115ms]
2024-11-21 00:59:22.550 [info] > git config --get commit.template [6ms]
2024-11-21 00:59:22.579 [info] > git for-each-ref --format=%(refname)%00%(upstream:short)%00%(objectname)%00%(upstream:track)%00%(upstream:remotename)%00%(upstream:remoteref) refs/heads/master refs/remotes/master [3ms]
2024-11-21 00:59:22.706 [info] > git status -z -uall [100ms]
2024-11-21 00:59:27.827 [info] > git config --get commit.template [29ms]
2024-11-21 00:59:27.828 [info] > git for-each-ref --format=%(refname)%00%(upstream:short)%00%(objectname)%00%(upstream:track)%00%(upstream:remotename)%00%(upstream:remoteref) refs/heads/master refs/remotes/master [2ms]
2024-11-21 00:59:27.958 [info] > git status -z -uall [103ms]
2024-11-21 01:00:07.115 [info] > git check-ignore -v -z --stdin [3ms]
2024-11-21 01:00:08.250 [info] > git check-ignore -v -z --stdin [3ms]
2024-11-21 01:05:07.369 [info] > git show --textconv :customer-admin-app/react-frontend/src/Dashboard.js [30ms]
2024-11-21 01:05:07.371 [info] > git ls-files --stage -- /home/admin_/customer-admin-app/react-frontend/src/Dashboard.js [3ms]
2024-11-21 01:05:07.397 [info] > git cat-file -s 9453938baa5fa01cf60767cce2827a8274d12100 [2ms]
2024-11-21 01:07:42.881 [info] > git config --get commit.template [3ms]
2024-11-21 01:07:42.905 [info] > git for-each-ref --format=%(refname)%00%(upstream:short)%00%(objectname)%00%(upstream:track)%00%(upstream:remotename)%00%(upstream:remoteref) refs/heads/master refs/remotes/master [2ms]
2024-11-21 01:07:43.034 [info] > git status -z -uall [106ms]
2024-11-21 01:11:31.470 [info] > git config --get commit.template [26ms]
2024-11-21 01:11:31.471 [info] > git for-each-ref --format=%(refname)%00%(upstream:short)%00%(objectname)%00%(upstream:track)%00%(upstream:remotename)%00%(upstream:remoteref) refs/heads/master refs/remotes/master [6ms]
2024-11-21 01:11:31.620 [info] > git status -z -uall [126ms]
2024-11-21 01:11:36.739 [info] > git config --get commit.template [24ms]
2024-11-21 01:11:36.739 [info] > git for-each-ref --format=%(refname)%00%(upstream:short)%00%(objectname)%00%(upstream:track)%00%(upstream:remotename)%00%(upstream:remoteref) refs/heads/master refs/remotes/master [3ms]
2024-11-21 01:11:36.861 [info] > git status -z -uall [97ms]
2024-11-21 01:12:03.731 [info] > git config --get commit.template [25ms]
2024-11-21 01:12:03.732 [info] > git for-each-ref --format=%(refname)%00%(upstream:short)%00%(objectname)%00%(upstream:track)%00%(upstream:remotename)%00%(upstream:remoteref) refs/heads/master refs/remotes/master [3ms]
2024-11-21 01:12:03.859 [info] > git status -z -uall [103ms]
2024-11-21 01:12:51.202 [info] > git config --get commit.template [23ms]
2024-11-21 01:12:51.202 [info] > git for-each-ref --format=%(refname)%00%(upstream:short)%00%(objectname)%00%(upstream:track)%00%(upstream:remotename)%00%(upstream:remoteref) refs/heads/master refs/remotes/master [2ms]
2024-11-21 01:12:51.326 [info] > git status -z -uall [101ms]
2024-11-21 01:13:09.239 [info] > git config --get commit.template [24ms]
2024-11-21 01:13:09.240 [info] > git for-each-ref --format=%(refname)%00%(upstream:short)%00%(objectname)%00%(upstream:track)%00%(upstream:remotename)%00%(upstream:remoteref) refs/heads/master refs/remotes/master [2ms]
2024-11-21 01:13:09.365 [info] > git status -z -uall [102ms]
2024-11-21 01:13:47.686 [info] > git config --get commit.template [26ms]
2024-11-21 01:13:47.686 [info] > git for-each-ref --format=%(refname)%00%(upstream:short)%00%(objectname)%00%(upstream:track)%00%(upstream:remotename)%00%(upstream:remoteref) refs/heads/master refs/remotes/master [2ms]
2024-11-21 01:13:47.811 [info] > git status -z -uall [101ms]
2024-11-21 01:13:58.176 [info] > git check-ignore -v -z --stdin [4ms]
2024-11-21 01:15:26.113 [info] > git config --get commit.template [26ms]
2024-11-21 01:15:26.114 [info] > git for-each-ref --format=%(refname)%00%(upstream:short)%00%(objectname)%00%(upstream:track)%00%(upstream:remotename)%00%(upstream:remoteref) refs/heads/master refs/remotes/master [2ms]
2024-11-21 01:15:26.246 [info] > git status -z -uall [108ms]
2024-11-21 01:15:31.352 [info] > git config --get commit.template [24ms]
2024-11-21 01:15:31.352 [info] > git for-each-ref --format=%(refname)%00%(upstream:short)%00%(objectname)%00%(upstream:track)%00%(upstream:remotename)%00%(upstream:remoteref) refs/heads/master refs/remotes/master [2ms]
2024-11-21 01:15:31.476 [info] > git status -z -uall [99ms]
2024-11-21 01:15:33.476 [info] > git show --textconv :functions/index.js [27ms]
2024-11-21 01:15:33.478 [info] > git ls-files --stage -- /home/admin_/functions/index.js [4ms]
2024-11-21 01:15:39.501 [info] > git show --textconv :customer-admin-app/react-frontend/src/index.js [29ms]
2024-11-21 01:15:39.503 [info] > git ls-files --stage -- /home/admin_/customer-admin-app/react-frontend/src/index.js [4ms]
2024-11-21 01:15:39.530 [info] > git cat-file -s d563c0fb10ba0e42724b21286eb546ee4e5734fc [2ms]
2024-11-21 01:15:48.788 [info] > git show --textconv :functions/index.js [28ms]
2024-11-21 01:15:48.791 [info] > git ls-files --stage -- /home/admin_/functions/index.js [7ms]
2024-11-21 01:15:52.249 [info] > git show --textconv :customer-admin-app/react-frontend/src/index.js [27ms]
2024-11-21 01:15:52.250 [info] > git ls-files --stage -- /home/admin_/customer-admin-app/react-frontend/src/index.js [3ms]
2024-11-21 01:15:52.277 [info] > git cat-file -s d563c0fb10ba0e42724b21286eb546ee4e5734fc [3ms]
2024-11-21 01:21:33.199 [info] > git config --get commit.template [26ms]
2024-11-21 01:21:33.200 [info] > git for-each-ref --format=%(refname)%00%(upstream:short)%00%(objectname)%00%(upstream:track)%00%(upstream:remotename)%00%(upstream:remoteref) refs/heads/master refs/remotes/master [5ms]
2024-11-21 01:21:33.327 [info] > git status -z -uall [104ms]
2024-11-21 01:21:35.209 [info] > git show --textconv :customer-admin-app/react-frontend/src/App.js [30ms]
2024-11-21 01:21:35.212 [info] > git ls-files --stage -- /home/admin_/customer-admin-app/react-frontend/src/App.js [9ms]
2024-11-21 01:21:35.238 [info] > git cat-file -s 055c1e7b91bb881b301cbf873e540991fd47ae65 [4ms]
2024-11-21 01:21:38.446 [info] > git config --get commit.template [33ms]
2024-11-21 01:21:38.447 [info] > git for-each-ref --format=%(refname)%00%(upstream:short)%00%(objectname)%00%(upstream:track)%00%(upstream:remotename)%00%(upstream:remoteref) refs/heads/master refs/remotes/master [7ms]
2024-11-21 01:21:38.667 [info] > git status -z -uall [189ms]
2024-11-21 01:22:06.963 [info] > git show --textconv :customer-admin-app/react-frontend/src/Dashboard.js [28ms]
2024-11-21 01:22:06.966 [info] > git ls-files --stage -- /home/admin_/customer-admin-app/react-frontend/src/Dashboard.js [7ms]
2024-11-21 01:22:06.993 [info] > git cat-file -s 9453938baa5fa01cf60767cce2827a8274d12100 [3ms]
2024-11-21 01:22:44.605 [info] > git show --textconv :customer-admin-app/react-frontend/src/Login.js [32ms]
2024-11-21 01:22:44.607 [info] > git ls-files --stage -- /home/admin_/customer-admin-app/react-frontend/src/Login.js [11ms]
2024-11-21 01:22:44.634 [info] > git cat-file -s 53a3b1e94628201870866880fa0b0d9b287531c8 [3ms]
2024-11-21 01:23:22.777 [info] > git config --get commit.template [3ms]
2024-11-21 01:23:22.802 [info] > git for-each-ref --format=%(refname)%00%(upstream:short)%00%(objectname)%00%(upstream:track)%00%(upstream:remotename)%00%(upstream:remoteref) refs/heads/master refs/remotes/master [3ms]
2024-11-21 01:23:22.928 [info] > git status -z -uall [102ms]
2024-11-21 01:23:25.656 [info] > git show --textconv :customer-admin-app/react-frontend/src/Transfers.js [32ms]
2024-11-21 01:23:25.656 [info] > git ls-files --stage -- /home/admin_/customer-admin-app/react-frontend/src/Transfers.js [9ms]
2024-11-21 01:23:25.683 [info] > git cat-file -s f39663e4247beb917fcb0fcf6bce1b28b83df4e5 [4ms]
2024-11-21 01:24:24.345 [info] > git show --textconv :customer-admin-app/react-frontend/src/Transactions.js [26ms]
2024-11-21 01:24:24.346 [info] > git ls-files --stage -- /home/admin_/customer-admin-app/react-frontend/src/Transactions.js [4ms]
2024-11-21 01:24:24.371 [info] > git cat-file -s 861fbede259b43f0eb46ce7d8f8e7a81fc866fc9 [2ms]
2024-11-21 01:24:46.248 [info] > git show --textconv :customer-admin-app/react-frontend/src/Transfers.js [26ms]
2024-11-21 01:24:46.250 [info] > git ls-files --stage -- /home/admin_/customer-admin-app/react-frontend/src/Transfers.js [6ms]
2024-11-21 01:24:46.277 [info] > git cat-file -s f39663e4247beb917fcb0fcf6bce1b28b83df4e5 [4ms]
2024-11-21 01:24:52.177 [info] > git show --textconv :customer-admin-app/react-frontend/src/Login.js [31ms]
2024-11-21 01:24:52.180 [info] > git ls-files --stage -- /home/admin_/customer-admin-app/react-frontend/src/Login.js [10ms]
2024-11-21 01:24:52.209 [info] > git cat-file -s 53a3b1e94628201870866880fa0b0d9b287531c8 [5ms]
2024-11-21 01:25:05.664 [info] > git show --textconv :customer-admin-app/react-frontend/src/Transfers.js [29ms]
2024-11-21 01:25:05.664 [info] > git ls-files --stage -- /home/admin_/customer-admin-app/react-frontend/src/Transfers.js [6ms]
2024-11-21 01:25:05.695 [info] > git cat-file -s f39663e4247beb917fcb0fcf6bce1b28b83df4e5 [6ms]
2024-11-21 01:25:09.591 [info] > git show --textconv :customer-admin-app/react-frontend/src/Login.js [27ms]
2024-11-21 01:25:09.594 [info] > git ls-files --stage -- /home/admin_/customer-admin-app/react-frontend/src/Login.js [7ms]
2024-11-21 01:25:09.622 [info] > git cat-file -s 53a3b1e94628201870866880fa0b0d9b287531c8 [4ms]
2024-11-21 01:27:11.084 [info] > git show --textconv :customer-admin-app/react-frontend/src/App.test.js [27ms]
2024-11-21 01:27:11.085 [info] > git ls-files --stage -- /home/admin_/customer-admin-app/react-frontend/src/App.test.js [4ms]
2024-11-21 01:27:11.112 [info] > git cat-file -s 1f03afeece5ac28064fa3c73a29215037465f789 [4ms]
2024-11-21 01:27:11.801 [info] > git show --textconv :customer-admin-app/react-frontend/src/App.js [30ms]
2024-11-21 01:27:11.804 [info] > git ls-files --stage -- /home/admin_/customer-admin-app/react-frontend/src/App.js [9ms]
2024-11-21 01:27:11.832 [info] > git cat-file -s 055c1e7b91bb881b301cbf873e540991fd47ae65 [4ms]
2024-11-21 01:27:54.504 [info] > git show --textconv :customer-admin-app/react-frontend/src/Login.js [30ms]
2024-11-21 01:27:54.508 [info] > git ls-files --stage -- /home/admin_/customer-admin-app/react-frontend/src/Login.js [8ms]
2024-11-21 01:27:54.536 [info] > git cat-file -s 53a3b1e94628201870866880fa0b0d9b287531c8 [3ms]
2024-11-21 01:27:56.729 [info] > git show --textconv :customer-admin-app/react-frontend/src/Dashboard.js [30ms]
2024-11-21 01:27:56.732 [info] > git ls-files --stage -- /home/admin_/customer-admin-app/react-frontend/src/Dashboard.js [9ms]
2024-11-21 01:27:56.758 [info] > git cat-file -s 9453938baa5fa01cf60767cce2827a8274d12100 [4ms]
2024-11-21 01:28:01.680 [info] > git show --textconv :customer-admin-app/react-frontend/src/Login.js [31ms]
2024-11-21 01:28:01.684 [info] > git ls-files --stage -- /home/admin_/customer-admin-app/react-frontend/src/Login.js [10ms]
2024-11-21 01:28:01.714 [info] > git cat-file -s 53a3b1e94628201870866880fa0b0d9b287531c8 [6ms]
2024-11-21 01:28:36.770 [info] > git show --textconv :customer-admin-app/react-frontend/src/App.js [30ms]
2024-11-21 01:28:36.773 [info] > git ls-files --stage -- /home/admin_/customer-admin-app/react-frontend/src/App.js [7ms]
2024-11-21 01:28:36.801 [info] > git cat-file -s 055c1e7b91bb881b301cbf873e540991fd47ae65 [5ms]
2024-11-21 01:28:44.256 [info] > git show --textconv :customer-admin-app/react-frontend/src/Login.js [26ms]
2024-11-21 01:28:44.260 [info] > git ls-files --stage -- /home/admin_/customer-admin-app/react-frontend/src/Login.js [6ms]
2024-11-21 01:28:44.287 [info] > git cat-file -s 53a3b1e94628201870866880fa0b0d9b287531c8 [3ms]
2024-11-21 01:30:33.609 [info] > git config --get commit.template [28ms]
2024-11-21 01:30:33.609 [info] > git for-each-ref --format=%(refname)%00%(upstream:short)%00%(objectname)%00%(upstream:track)%00%(upstream:remotename)%00%(upstream:remoteref) refs/heads/master refs/remotes/master [4ms]
2024-11-21 01:30:33.742 [info] > git status -z -uall [107ms]
2024-11-21 01:30:35.927 [info] > git show --textconv :customer-admin-app/react-frontend/src/firebase.js [30ms]
2024-11-21 01:30:35.930 [info] > git ls-files --stage -- /home/admin_/customer-admin-app/react-frontend/src/firebase.js [7ms]
2024-11-21 01:30:35.956 [info] > git cat-file -s 2c733e78c7d83915fb5042963bcdf2dd25d886dd [3ms]
2024-11-21 01:30:36.556 [info] > git show --textconv :customer-admin-app/react-frontend/src/Dashboard.js [27ms]
2024-11-21 01:30:36.560 [info] > git ls-files --stage -- /home/admin_/customer-admin-app/react-frontend/src/Dashboard.js [7ms]
2024-11-21 01:30:36.587 [info] > git cat-file -s 9453938baa5fa01cf60767cce2827a8274d12100 [3ms]
2024-11-21 01:30:38.833 [info] > git config --get commit.template [3ms]
2024-11-21 01:30:38.860 [info] > git for-each-ref --format=%(refname)%00%(upstream:short)%00%(objectname)%00%(upstream:track)%00%(upstream:remotename)%00%(upstream:remoteref) refs/heads/master refs/remotes/master [3ms]
2024-11-21 01:30:38.988 [info] > git status -z -uall [103ms]
2024-11-21 01:30:44.091 [info] > git config --get commit.template [27ms]
2024-11-21 01:30:44.092 [info] > git for-each-ref --format=%(refname)%00%(upstream:short)%00%(objectname)%00%(upstream:track)%00%(upstream:remotename)%00%(upstream:remoteref) refs/heads/master refs/remotes/master [2ms]
2024-11-21 01:30:44.218 [info] > git status -z -uall [99ms]
2024-11-21 01:35:12.671 [info] > git config --get commit.template [25ms]
2024-11-21 01:35:12.671 [info] > git for-each-ref --format=%(refname)%00%(upstream:short)%00%(objectname)%00%(upstream:track)%00%(upstream:remotename)%00%(upstream:remoteref) refs/heads/master refs/remotes/master [2ms]
2024-11-21 01:35:12.799 [info] > git status -z -uall [104ms]
2024-11-21 01:35:15.117 [info] > git show --textconv :customer-admin-app/react-frontend/src/App.js [29ms]
2024-11-21 01:35:15.121 [info] > git ls-files --stage -- /home/admin_/customer-admin-app/react-frontend/src/App.js [7ms]
2024-11-21 01:35:15.148 [info] > git cat-file -s 055c1e7b91bb881b301cbf873e540991fd47ae65 [3ms]
2024-11-21 01:35:17.918 [info] > git config --get commit.template [26ms]
2024-11-21 01:35:17.919 [info] > git for-each-ref --format=%(refname)%00%(upstream:short)%00%(objectname)%00%(upstream:track)%00%(upstream:remotename)%00%(upstream:remoteref) refs/heads/master refs/remotes/master [3ms]
2024-11-21 01:35:18.040 [info] > git status -z -uall [97ms]
2024-11-21 01:35:22.737 [info] > git show --textconv :customer-admin-app/react-frontend/src/Dashboard.js [29ms]
2024-11-21 01:35:22.739 [info] > git ls-files --stage -- /home/admin_/customer-admin-app/react-frontend/src/Dashboard.js [6ms]
2024-11-21 01:35:22.767 [info] > git cat-file -s 9453938baa5fa01cf60767cce2827a8274d12100 [4ms]
2024-11-21 01:35:30.357 [info] > git show --textconv :customer-admin-app/react-frontend/src/Login.js [30ms]
2024-11-21 01:35:30.361 [info] > git ls-files --stage -- /home/admin_/customer-admin-app/react-frontend/src/Login.js [8ms]
2024-11-21 01:35:30.389 [info] > git cat-file -s 53a3b1e94628201870866880fa0b0d9b287531c8 [3ms]
2024-11-21 01:35:40.750 [info] > git show --textconv :customer-admin-app/react-frontend/src/Transactions.js [32ms]
2024-11-21 01:35:40.754 [info] > git ls-files --stage -- /home/admin_/customer-admin-app/react-frontend/src/Transactions.js [8ms]
2024-11-21 01:35:40.786 [info] > git cat-file -s 861fbede259b43f0eb46ce7d8f8e7a81fc866fc9 [4ms]
2024-11-21 01:35:47.929 [info] > git show --textconv :customer-admin-app/react-frontend/src/Transfers.js [28ms]
2024-11-21 01:35:47.931 [info] > git ls-files --stage -- /home/admin_/customer-admin-app/react-frontend/src/Transfers.js [4ms]
2024-11-21 01:35:47.958 [info] > git cat-file -s f39663e4247beb917fcb0fcf6bce1b28b83df4e5 [3ms]
2024-11-21 01:35:59.812 [info] > git show --textconv :customer-admin-app/firebase.json [25ms]
2024-11-21 01:35:59.817 [info] > git ls-files --stage -- /home/admin_/customer-admin-app/firebase.json [8ms]
2024-11-21 01:35:59.842 [info] > git cat-file -s e0e857924904bb65c803cf68f8d101fa43d225a2 [2ms]
2024-11-21 01:36:08.508 [info] > git show --textconv :customer-admin-app/react-frontend/src/App.js [28ms]
2024-11-21 01:36:08.515 [info] > git ls-files --stage -- /home/admin_/customer-admin-app/react-frontend/src/App.js [12ms]
2024-11-21 01:36:08.540 [info] > git cat-file -s 055c1e7b91bb881b301cbf873e540991fd47ae65 [3ms]
2024-11-21 01:40:17.552 [info] > git show --textconv :customer-admin-app/react-frontend/src/Dashboard.js [26ms]
2024-11-21 01:40:17.555 [info] > git ls-files --stage -- /home/admin_/customer-admin-app/react-frontend/src/Dashboard.js [6ms]
2024-11-21 01:40:17.581 [info] > git cat-file -s 9453938baa5fa01cf60767cce2827a8274d12100 [5ms]
2024-11-21 01:40:34.543 [info] > git show --textconv :customer-admin-app/react-frontend/src/Login.js [24ms]
2024-11-21 01:40:34.545 [info] > git ls-files --stage -- /home/admin_/customer-admin-app/react-frontend/src/Login.js [4ms]
2024-11-21 01:40:34.571 [info] > git cat-file -s 53a3b1e94628201870866880fa0b0d9b287531c8 [4ms]
2024-11-21 01:40:45.833 [info] > git show --textconv :customer-admin-app/react-frontend/src/Transactions.js [27ms]
2024-11-21 01:40:45.839 [info] > git ls-files --stage -- /home/admin_/customer-admin-app/react-frontend/src/Transactions.js [10ms]
2024-11-21 01:40:45.865 [info] > git cat-file -s 861fbede259b43f0eb46ce7d8f8e7a81fc866fc9 [4ms]
2024-11-21 01:40:53.155 [info] > git show --textconv :customer-admin-app/react-frontend/firestore-debug.log [25ms]
2024-11-21 01:40:53.157 [info] > git ls-files --stage -- /home/admin_/customer-admin-app/react-frontend/firestore-debug.log [4ms]
2024-11-21 01:40:53.828 [info] > git show --textconv :customer-admin-app/react-frontend/src/Transfers.js [26ms]
2024-11-21 01:40:53.833 [info] > git ls-files --stage -- /home/admin_/customer-admin-app/react-frontend/src/Transfers.js [9ms]
2024-11-21 01:40:53.860 [info] > git cat-file -s f39663e4247beb917fcb0fcf6bce1b28b83df4e5 [3ms]
2024-11-21 01:41:03.722 [info] > git show --textconv :customer-admin-app/firebase.json [32ms]
2024-11-21 01:41:03.726 [info] > git ls-files --stage -- /home/admin_/customer-admin-app/firebase.json [6ms]
2024-11-21 01:41:03.754 [info] > git cat-file -s e0e857924904bb65c803cf68f8d101fa43d225a2 [5ms]
2024-11-21 01:41:59.524 [info] > git show --textconv :customer-admin-app/react-frontend/src/Dashboard.js [29ms]
2024-11-21 01:41:59.528 [info] > git ls-files --stage -- /home/admin_/customer-admin-app/react-frontend/src/Dashboard.js [8ms]
2024-11-21 01:41:59.554 [info] > git cat-file -s 9453938baa5fa01cf60767cce2827a8274d12100 [4ms]
2024-11-21 01:46:28.505 [info] > git config --get commit.template [24ms]
2024-11-21 01:46:28.506 [info] > git for-each-ref --format=%(refname)%00%(upstream:short)%00%(objectname)%00%(upstream:track)%00%(upstream:remotename)%00%(upstream:remoteref) refs/heads/master refs/remotes/master [3ms]
2024-11-21 01:46:28.639 [info] > git status -z -uall [108ms]
2024-11-21 01:46:33.752 [info] > git config --get commit.template [27ms]
2024-11-21 01:46:33.753 [info] > git for-each-ref --format=%(refname)%00%(upstream:short)%00%(objectname)%00%(upstream:track)%00%(upstream:remotename)%00%(upstream:remoteref) refs/heads/master refs/remotes/master [3ms]
2024-11-21 01:46:33.888 [info] > git status -z -uall [107ms]
2024-11-21 01:48:39.318 [info] > git config --get commit.template [25ms]
2024-11-21 01:48:39.318 [info] > git for-each-ref --format=%(refname)%00%(upstream:short)%00%(objectname)%00%(upstream:track)%00%(upstream:remotename)%00%(upstream:remoteref) refs/heads/master refs/remotes/master [2ms]
2024-11-21 01:48:39.443 [info] > git status -z -uall [101ms]
2024-11-21 01:51:00.812 [info] > git config --get commit.template [28ms]
2024-11-21 01:51:00.815 [info] > git for-each-ref --format=%(refname)%00%(upstream:short)%00%(objectname)%00%(upstream:track)%00%(upstream:remotename)%00%(upstream:remoteref) refs/heads/master refs/remotes/master [7ms]
2024-11-21 01:51:00.948 [info] > git status -z -uall [109ms]
2024-11-21 01:51:27.800 [info] > git config --get commit.template [26ms]
2024-11-21 01:51:27.801 [info] > git for-each-ref --format=%(refname)%00%(upstream:short)%00%(objectname)%00%(upstream:track)%00%(upstream:remotename)%00%(upstream:remoteref) refs/heads/master refs/remotes/master [3ms]
2024-11-21 01:51:27.925 [info] > git status -z -uall [101ms]
2024-11-21 01:54:41.634 [info] > git config --get commit.template [3ms]
2024-11-21 01:54:41.660 [info] > git for-each-ref --format=%(refname)%00%(upstream:short)%00%(objectname)%00%(upstream:track)%00%(upstream:remotename)%00%(upstream:remoteref) refs/heads/master refs/remotes/master [2ms]
2024-11-21 01:54:41.788 [info] > git status -z -uall [104ms]
2024-11-21 01:54:57.419 [info] > git config --get commit.template [24ms]
2024-11-21 01:54:57.421 [info] > git for-each-ref --format=%(refname)%00%(upstream:short)%00%(objectname)%00%(upstream:track)%00%(upstream:remotename)%00%(upstream:remoteref) refs/heads/master refs/remotes/master [3ms]
2024-11-21 01:54:57.545 [info] > git status -z -uall [99ms]
2024-11-21 01:57:45.771 [info] > git config --get commit.template [25ms]
2024-11-21 01:57:45.772 [info] > git for-each-ref --format=%(refname)%00%(upstream:short)%00%(objectname)%00%(upstream:track)%00%(upstream:remotename)%00%(upstream:remoteref) refs/heads/master refs/remotes/master [2ms]
2024-11-21 01:57:45.897 [info] > git status -z -uall [101ms]
2024-11-21 01:57:51.004 [info] > git config --get commit.template [25ms]
2024-11-21 01:57:51.004 [info] > git for-each-ref --format=%(refname)%00%(upstream:short)%00%(objectname)%00%(upstream:track)%00%(upstream:remotename)%00%(upstream:remoteref) refs/heads/master refs/remotes/master [2ms]
2024-11-21 01:57:51.129 [info] > git status -z -uall [100ms]
2024-11-21 01:58:32.508 [info] > git config --get commit.template [7ms]
2024-11-21 01:58:32.563 [info] > git for-each-ref --format=%(refname)%00%(upstream:short)%00%(objectname)%00%(upstream:track)%00%(upstream:remotename)%00%(upstream:remoteref) refs/heads/master refs/remotes/master [6ms]
2024-11-21 01:58:32.731 [info] > git status -z -uall [122ms]
2024-11-21 01:58:37.847 [info] > git config --get commit.template [34ms]
2024-11-21 01:58:37.848 [info] > git for-each-ref --format=%(refname)%00%(upstream:short)%00%(objectname)%00%(upstream:track)%00%(upstream:remotename)%00%(upstream:remoteref) refs/heads/master refs/remotes/master [3ms]
2024-11-21 01:58:37.977 [info] > git status -z -uall [97ms]
2024-11-21 01:59:16.475 [info] > git config --get commit.template [2ms]
2024-11-21 01:59:16.550 [info] > git for-each-ref --format=%(refname)%00%(upstream:short)%00%(objectname)%00%(upstream:track)%00%(upstream:remotename)%00%(upstream:remoteref) refs/heads/master refs/remotes/master [5ms]
2024-11-21 01:59:16.719 [info] > git status -z -uall [106ms]
2024-11-21 01:59:21.860 [info] > git config --get commit.template [34ms]
2024-11-21 01:59:21.860 [info] > git for-each-ref --format=%(refname)%00%(upstream:short)%00%(objectname)%00%(upstream:track)%00%(upstream:remotename)%00%(upstream:remoteref) refs/heads/master refs/remotes/master [2ms]
2024-11-21 01:59:21.995 [info] > git status -z -uall [101ms]
2024-11-21 02:00:26.996 [info] > git config --get commit.template [26ms]
2024-11-21 02:00:26.998 [info] > git for-each-ref --format=%(refname)%00%(upstream:short)%00%(objectname)%00%(upstream:track)%00%(upstream:remotename)%00%(upstream:remoteref) refs/heads/master refs/remotes/master [5ms]
2024-11-21 02:00:27.123 [info] > git status -z -uall [101ms]
2024-11-21 02:01:30.441 [info] > git config --get commit.template [3ms]
2024-11-21 02:01:30.467 [info] > git for-each-ref --format=%(refname)%00%(upstream:short)%00%(objectname)%00%(upstream:track)%00%(upstream:remotename)%00%(upstream:remoteref) refs/heads/master refs/remotes/master [2ms]
2024-11-21 02:01:30.595 [info] > git status -z -uall [103ms]
2024-11-21 02:01:35.705 [info] > git config --get commit.template [25ms]
2024-11-21 02:01:35.706 [info] > git for-each-ref --format=%(refname)%00%(upstream:short)%00%(objectname)%00%(upstream:track)%00%(upstream:remotename)%00%(upstream:remoteref) refs/heads/master refs/remotes/master [2ms]
2024-11-21 02:01:35.829 [info] > git status -z -uall [99ms]
2024-11-21 02:07:52.075 [info] > git config --get commit.template [25ms]
2024-11-21 02:07:52.076 [info] > git for-each-ref --format=%(refname)%00%(upstream:short)%00%(objectname)%00%(upstream:track)%00%(upstream:remotename)%00%(upstream:remoteref) refs/heads/master refs/remotes/master [3ms]
2024-11-21 02:07:52.216 [info] > git status -z -uall [116ms]
2024-11-21 02:07:57.315 [info] > git config --get commit.template [4ms]
2024-11-21 02:07:57.341 [info] > git for-each-ref --format=%(refname)%00%(upstream:short)%00%(objectname)%00%(upstream:track)%00%(upstream:remotename)%00%(upstream:remoteref) refs/heads/master refs/remotes/master [2ms]
2024-11-21 02:07:57.462 [info] > git status -z -uall [97ms]
2024-11-21 02:09:39.014 [info] > git show --textconv :customer-admin-app/react-frontend/src/App.js [28ms]
2024-11-21 02:09:39.019 [info] > git ls-files --stage -- /home/admin_/customer-admin-app/react-frontend/src/App.js [10ms]
2024-11-21 02:09:39.046 [info] > git cat-file -s 055c1e7b91bb881b301cbf873e540991fd47ae65 [4ms]
2024-11-21 02:10:53.619 [info] > git config --get commit.template [26ms]
2024-11-21 02:10:53.620 [info] > git for-each-ref --format=%(refname)%00%(upstream:short)%00%(objectname)%00%(upstream:track)%00%(upstream:remotename)%00%(upstream:remoteref) refs/heads/master refs/remotes/master [3ms]
2024-11-21 02:10:53.750 [info] > git status -z -uall [106ms]
2024-11-21 02:10:58.840 [info] > git config --get commit.template [3ms]
2024-11-21 02:10:58.866 [info] > git for-each-ref --format=%(refname)%00%(upstream:short)%00%(objectname)%00%(upstream:track)%00%(upstream:remotename)%00%(upstream:remoteref) refs/heads/master refs/remotes/master [2ms]
2024-11-21 02:10:58.994 [info] > git status -z -uall [102ms]
2024-11-21 02:11:17.633 [info] > git show --textconv :customer-admin-app/react-frontend/src/Dashboard.js [28ms]
2024-11-21 02:11:17.636 [info] > git ls-files --stage -- /home/admin_/customer-admin-app/react-frontend/src/Dashboard.js [7ms]
2024-11-21 02:11:17.663 [info] > git cat-file -s 9453938baa5fa01cf60767cce2827a8274d12100 [3ms]
2024-11-21 02:12:40.716 [info] > git config --get commit.template [2ms]
2024-11-21 02:12:40.743 [info] > git for-each-ref --format=%(refname)%00%(upstream:short)%00%(objectname)%00%(upstream:track)%00%(upstream:remotename)%00%(upstream:remoteref) refs/heads/master refs/remotes/master [3ms]
2024-11-21 02:12:40.867 [info] > git status -z -uall [100ms]
2024-11-21 02:12:45.977 [info] > git config --get commit.template [24ms]
2024-11-21 02:12:45.978 [info] > git for-each-ref --format=%(refname)%00%(upstream:short)%00%(objectname)%00%(upstream:track)%00%(upstream:remotename)%00%(upstream:remoteref) refs/heads/master refs/remotes/master [3ms]
2024-11-21 02:12:46.100 [info] > git status -z -uall [98ms]
2024-11-21 02:13:17.363 [info] > git show --textconv :customer-admin-app/react-frontend/src/App.js [28ms]
2024-11-21 02:13:17.365 [info] > git ls-files --stage -- /home/admin_/customer-admin-app/react-frontend/src/App.js [6ms]
2024-11-21 02:13:17.390 [info] > git cat-file -s 055c1e7b91bb881b301cbf873e540991fd47ae65 [3ms]
2024-11-21 02:14:17.786 [info] > git config --get commit.template [25ms]
2024-11-21 02:14:17.786 [info] > git for-each-ref --format=%(refname)%00%(upstream:short)%00%(objectname)%00%(upstream:track)%00%(upstream:remotename)%00%(upstream:remoteref) refs/heads/master refs/remotes/master [2ms]
2024-11-21 02:14:17.914 [info] > git status -z -uall [104ms]
2024-11-21 02:14:26.012 [info] > git config --get commit.template [25ms]
2024-11-21 02:14:26.012 [info] > git for-each-ref --format=%(refname)%00%(upstream:short)%00%(objectname)%00%(upstream:track)%00%(upstream:remotename)%00%(upstream:remoteref) refs/heads/master refs/remotes/master [2ms]
2024-11-21 02:14:26.136 [info] > git status -z -uall [99ms]
2024-11-21 02:14:26.742 [info] > git show --textconv :customer-admin-app/react-frontend/src/Dashboard.js [50ms]
2024-11-21 02:14:26.744 [info] > git ls-files --stage -- /home/admin_/customer-admin-app/react-frontend/src/Dashboard.js [26ms]
2024-11-21 02:14:26.781 [info] > git cat-file -s 9453938baa5fa01cf60767cce2827a8274d12100 [6ms]
2024-11-21 02:15:48.057 [info] > git show --textconv :customer-admin-app/react-frontend/src/App.js [31ms]
2024-11-21 02:15:48.061 [info] > git ls-files --stage -- /home/admin_/customer-admin-app/react-frontend/src/App.js [8ms]
2024-11-21 02:15:48.086 [info] > git cat-file -s 055c1e7b91bb881b301cbf873e540991fd47ae65 [2ms]
2024-11-21 02:16:05.814 [info] > git show --textconv :customer-admin-app/react-frontend/src/Dashboard.js [28ms]
2024-11-21 02:16:05.818 [info] > git ls-files --stage -- /home/admin_/customer-admin-app/react-frontend/src/Dashboard.js [7ms]
2024-11-21 02:16:05.844 [info] > git cat-file -s 9453938baa5fa01cf60767cce2827a8274d12100 [2ms]
2024-11-21 02:16:24.560 [info] > git show --textconv :customer-admin-app/react-frontend/src/App.js [28ms]
2024-11-21 02:16:24.563 [info] > git ls-files --stage -- /home/admin_/customer-admin-app/react-frontend/src/App.js [8ms]
2024-11-21 02:16:24.590 [info] > git cat-file -s 055c1e7b91bb881b301cbf873e540991fd47ae65 [3ms]
2024-11-21 02:17:16.849 [info] > git show --textconv :customer-admin-app/react-frontend/src/Dashboard.js [30ms]
2024-11-21 02:17:16.852 [info] > git ls-files --stage -- /home/admin_/customer-admin-app/react-frontend/src/Dashboard.js [7ms]
2024-11-21 02:17:16.878 [info] > git cat-file -s 9453938baa5fa01cf60767cce2827a8274d12100 [2ms]
2024-11-21 02:17:39.471 [info] > git config --get commit.template [26ms]
2024-11-21 02:17:39.472 [info] > git for-each-ref --format=%(refname)%00%(upstream:short)%00%(objectname)%00%(upstream:track)%00%(upstream:remotename)%00%(upstream:remoteref) refs/heads/master refs/remotes/master [2ms]
2024-11-21 02:17:39.603 [info] > git status -z -uall [107ms]
2024-11-21 02:17:41.633 [info] > git show --textconv :customer-admin-app/react-frontend/src/App.js [27ms]
2024-11-21 02:17:41.634 [info] > git ls-files --stage -- /home/admin_/customer-admin-app/react-frontend/src/App.js [3ms]
2024-11-21 02:17:41.663 [info] > git cat-file -s 055c1e7b91bb881b301cbf873e540991fd47ae65 [2ms]
2024-11-21 02:17:49.709 [info] > git config --get commit.template [27ms]
2024-11-21 02:17:49.710 [info] > git for-each-ref --format=%(refname)%00%(upstream:short)%00%(objectname)%00%(upstream:track)%00%(upstream:remotename)%00%(upstream:remoteref) refs/heads/master refs/remotes/master [3ms]
2024-11-21 02:17:49.835 [info] > git status -z -uall [100ms]
2024-11-21 02:17:50.497 [info] > git show --textconv :customer-admin-app/react-frontend/src/Dashboard.js [32ms]
2024-11-21 02:17:50.499 [info] > git ls-files --stage -- /home/admin_/customer-admin-app/react-frontend/src/Dashboard.js [4ms]
2024-11-21 02:17:50.527 [info] > git cat-file -s 9453938baa5fa01cf60767cce2827a8274d12100 [2ms]
2024-11-21 02:19:19.610 [info] > git check-ignore -v -z --stdin [466ms]
2024-11-21 02:19:19.611 [info] > git show --textconv :customer-admin-app/react-frontend/src/AdminDashboard.js [122ms]
2024-11-21 02:19:19.677 [info] > git ls-files --stage -- /home/admin_/customer-admin-app/react-frontend/src/AdminDashboard.js [162ms]
2024-11-21 02:19:29.534 [info] > git config --get commit.template [29ms]
2024-11-21 02:19:29.535 [info] > git for-each-ref --format=%(refname)%00%(upstream:short)%00%(objectname)%00%(upstream:track)%00%(upstream:remotename)%00%(upstream:remoteref) refs/heads/master refs/remotes/master [3ms]
2024-11-21 02:19:29.666 [info] > git status -z -uall [105ms]
2024-11-21 02:19:40.112 [info] > git show --textconv :customer-admin-app/react-frontend/src/Dashboard.js [57ms]
2024-11-21 02:19:40.112 [info] > git ls-files --stage -- /home/admin_/customer-admin-app/react-frontend/src/Dashboard.js [24ms]
2024-11-21 02:19:40.151 [info] > git cat-file -s 9453938baa5fa01cf60767cce2827a8274d12100 [5ms]
2024-11-21 02:19:41.204 [info] > git show --textconv :customer-admin-app/react-frontend/src/App.js [38ms]
2024-11-21 02:19:41.207 [info] > git ls-files --stage -- /home/admin_/customer-admin-app/react-frontend/src/App.js [8ms]
2024-11-21 02:19:41.244 [info] > git cat-file -s 055c1e7b91bb881b301cbf873e540991fd47ae65 [3ms]
2024-11-21 02:19:48.942 [info] > git show --textconv :customer-admin-app/react-frontend/src/Dashboard.js [39ms]
2024-11-21 02:19:48.946 [info] > git ls-files --stage -- /home/admin_/customer-admin-app/react-frontend/src/Dashboard.js [6ms]
2024-11-21 02:19:48.982 [info] > git cat-file -s 9453938baa5fa01cf60767cce2827a8274d12100 [3ms]
2024-11-21 02:19:52.944 [info] > git show --textconv :customer-admin-app/react-frontend/src/App.js [38ms]
2024-11-21 02:19:52.947 [info] > git ls-files --stage -- /home/admin_/customer-admin-app/react-frontend/src/App.js [7ms]
2024-11-21 02:19:52.984 [info] > git cat-file -s 055c1e7b91bb881b301cbf873e540991fd47ae65 [3ms]
2024-11-21 02:20:05.351 [info] > git show --textconv :customer-admin-app/react-frontend/src/Dashboard.js [32ms]
2024-11-21 02:20:05.357 [info] > git ls-files --stage -- /home/admin_/customer-admin-app/react-frontend/src/Dashboard.js [7ms]
2024-11-21 02:20:05.385 [info] > git cat-file -s 9453938baa5fa01cf60767cce2827a8274d12100 [4ms]
2024-11-21 02:20:15.829 [info] > git show --textconv :customer-admin-app/react-frontend/src/Login.js [33ms]
2024-11-21 02:20:15.833 [info] > git ls-files --stage -- /home/admin_/customer-admin-app/react-frontend/src/Login.js [7ms]
2024-11-21 02:20:15.860 [info] > git cat-file -s 53a3b1e94628201870866880fa0b0d9b287531c8 [4ms]
2024-11-21 02:20:19.131 [info] > git show --textconv :customer-admin-app/react-frontend/src/AdminDashboard.js [29ms]
2024-11-21 02:20:19.135 [info] > git ls-files --stage -- /home/admin_/customer-admin-app/react-frontend/src/AdminDashboard.js [8ms]
2024-11-21 02:24:44.653 [info] > git config --get commit.template [3ms]
2024-11-21 02:24:44.678 [info] > git for-each-ref --format=%(refname)%00%(upstream:short)%00%(objectname)%00%(upstream:track)%00%(upstream:remotename)%00%(upstream:remoteref) refs/heads/master refs/remotes/master [2ms]
2024-11-21 02:24:44.818 [info] > git status -z -uall [115ms]
2024-11-21 02:25:22.445 [info] > git config --get commit.template [3ms]
2024-11-21 02:25:22.471 [info] > git for-each-ref --format=%(refname)%00%(upstream:short)%00%(objectname)%00%(upstream:track)%00%(upstream:remotename)%00%(upstream:remoteref) refs/heads/master refs/remotes/master [2ms]
2024-11-21 02:25:22.601 [info] > git status -z -uall [104ms]
2024-11-21 02:27:27.217 [info] > git config --get commit.template [2ms]
2024-11-21 02:27:27.243 [info] > git for-each-ref --format=%(refname)%00%(upstream:short)%00%(objectname)%00%(upstream:track)%00%(upstream:remotename)%00%(upstream:remoteref) refs/heads/master refs/remotes/master [3ms]
2024-11-21 02:27:27.370 [info] > git status -z -uall [102ms]
2024-11-21 02:27:32.496 [info] > git for-each-ref --format=%(refname)%00%(upstream:short)%00%(objectname)%00%(upstream:track)%00%(upstream:remotename)%00%(upstream:remoteref) refs/heads/master refs/remotes/master [6ms]
2024-11-21 02:27:32.497 [info] > git config --get commit.template [37ms]
2024-11-21 02:27:32.668 [info] > git status -z -uall [142ms]
2024-11-21 02:31:16.023 [info] > git config --get commit.template [26ms]
2024-11-21 02:31:16.024 [info] > git for-each-ref --format=%(refname)%00%(upstream:short)%00%(objectname)%00%(upstream:track)%00%(upstream:remotename)%00%(upstream:remoteref) refs/heads/master refs/remotes/master [2ms]
2024-11-21 02:31:16.154 [info] > git status -z -uall [104ms]
2024-11-21 02:31:21.266 [info] > git config --get commit.template [26ms]
2024-11-21 02:31:21.267 [info] > git for-each-ref --format=%(refname)%00%(upstream:short)%00%(objectname)%00%(upstream:track)%00%(upstream:remotename)%00%(upstream:remoteref) refs/heads/master refs/remotes/master [2ms]
2024-11-21 02:31:21.392 [info] > git status -z -uall [100ms]
2024-11-21 02:31:58.130 [info] > git config --get commit.template [27ms]
2024-11-21 02:31:58.131 [info] > git for-each-ref --format=%(refname)%00%(upstream:short)%00%(objectname)%00%(upstream:track)%00%(upstream:remotename)%00%(upstream:remoteref) refs/heads/master refs/remotes/master [2ms]
2024-11-21 02:31:58.274 [info] > git status -z -uall [116ms]
2024-11-21 02:32:05.775 [info] > git config --get commit.template [25ms]
2024-11-21 02:32:05.776 [info] > git for-each-ref --format=%(refname)%00%(upstream:short)%00%(objectname)%00%(upstream:track)%00%(upstream:remotename)%00%(upstream:remoteref) refs/heads/master refs/remotes/master [3ms]
2024-11-21 02:32:05.907 [info] > git status -z -uall [106ms]
2024-11-21 02:33:40.596 [info] > git config --get commit.template [2ms]
2024-11-21 02:33:40.624 [info] > git for-each-ref --format=%(refname)%00%(upstream:short)%00%(objectname)%00%(upstream:track)%00%(upstream:remotename)%00%(upstream:remoteref) refs/heads/master refs/remotes/master [3ms]
2024-11-21 02:33:40.747 [info] > git status -z -uall [99ms]
2024-11-21 02:33:45.859 [info] > git config --get commit.template [25ms]
2024-11-21 02:33:45.860 [info] > git for-each-ref --format=%(refname)%00%(upstream:short)%00%(objectname)%00%(upstream:track)%00%(upstream:remotename)%00%(upstream:remoteref) refs/heads/master refs/remotes/master [2ms]
2024-11-21 02:33:45.982 [info] > git status -z -uall [98ms]
2024-11-21 02:34:51.515 [info] > git config --get commit.template [2ms]
2024-11-21 02:34:51.542 [info] > git for-each-ref --format=%(refname)%00%(upstream:short)%00%(objectname)%00%(upstream:track)%00%(upstream:remotename)%00%(upstream:remoteref) refs/heads/master refs/remotes/master [3ms]
2024-11-21 02:34:51.668 [info] > git status -z -uall [100ms]
2024-11-21 02:35:38.097 [info] > git config --get commit.template [3ms]
2024-11-21 02:35:38.124 [info] > git for-each-ref --format=%(refname)%00%(upstream:short)%00%(objectname)%00%(upstream:track)%00%(upstream:remotename)%00%(upstream:remoteref) refs/heads/master refs/remotes/master [2ms]
2024-11-21 02:35:38.251 [info] > git status -z -uall [103ms]
2024-11-21 02:36:12.216 [info] > git config --get commit.template [27ms]
2024-11-21 02:36:12.217 [info] > git for-each-ref --format=%(refname)%00%(upstream:short)%00%(objectname)%00%(upstream:track)%00%(upstream:remotename)%00%(upstream:remoteref) refs/heads/master refs/remotes/master [2ms]
2024-11-21 02:36:12.407 [info] > git status -z -uall [165ms]
2024-11-21 02:36:17.564 [info] > git config --get commit.template [26ms]
2024-11-21 02:36:17.565 [info] > git for-each-ref --format=%(refname)%00%(upstream:short)%00%(objectname)%00%(upstream:track)%00%(upstream:remotename)%00%(upstream:remoteref) refs/heads/master refs/remotes/master [2ms]
2024-11-21 02:36:17.686 [info] > git status -z -uall [96ms]
2024-11-21 02:36:51.461 [info] > git config --get commit.template [27ms]
2024-11-21 02:36:51.462 [info] > git for-each-ref --format=%(refname)%00%(upstream:short)%00%(objectname)%00%(upstream:track)%00%(upstream:remotename)%00%(upstream:remoteref) refs/heads/master refs/remotes/master [2ms]
2024-11-21 02:36:51.587 [info] > git status -z -uall [99ms]
2024-11-21 02:36:56.683 [info] > git config --get commit.template [25ms]
2024-11-21 02:36:56.684 [info] > git for-each-ref --format=%(refname)%00%(upstream:short)%00%(objectname)%00%(upstream:track)%00%(upstream:remotename)%00%(upstream:remoteref) refs/heads/master refs/remotes/master [2ms]
2024-11-21 02:36:56.806 [info] > git status -z -uall [97ms]
2024-11-21 02:37:11.907 [info] > git config --get commit.template [29ms]
2024-11-21 02:37:11.907 [info] > git for-each-ref --format=%(refname)%00%(upstream:short)%00%(objectname)%00%(upstream:track)%00%(upstream:remotename)%00%(upstream:remoteref) refs/heads/master refs/remotes/master [4ms]
2024-11-21 02:37:12.040 [info] > git status -z -uall [105ms]
2024-11-21 02:37:21.409 [info] > git config --get commit.template [3ms]
2024-11-21 02:37:21.436 [info] > git for-each-ref --format=%(refname)%00%(upstream:short)%00%(objectname)%00%(upstream:track)%00%(upstream:remotename)%00%(upstream:remoteref) refs/heads/master refs/remotes/master [2ms]
2024-11-21 02:37:21.562 [info] > git status -z -uall [100ms]
2024-11-21 02:37:54.727 [info] > git config --get commit.template [29ms]
2024-11-21 02:37:54.728 [info] > git for-each-ref --format=%(refname)%00%(upstream:short)%00%(objectname)%00%(upstream:track)%00%(upstream:remotename)%00%(upstream:remoteref) refs/heads/master refs/remotes/master [2ms]
2024-11-21 02:37:54.858 [info] > git status -z -uall [103ms]
2024-11-21 02:37:59.971 [info] > git config --get commit.template [25ms]
2024-11-21 02:37:59.973 [info] > git for-each-ref --format=%(refname)%00%(upstream:short)%00%(objectname)%00%(upstream:track)%00%(upstream:remotename)%00%(upstream:remoteref) refs/heads/master refs/remotes/master [2ms]
2024-11-21 02:38:00.102 [info] > git status -z -uall [104ms]
2024-11-21 02:39:16.864 [info] > git config --get commit.template [25ms]
2024-11-21 02:39:16.865 [info] > git for-each-ref --format=%(refname)%00%(upstream:short)%00%(objectname)%00%(upstream:track)%00%(upstream:remotename)%00%(upstream:remoteref) refs/heads/master refs/remotes/master [2ms]
2024-11-21 02:39:16.996 [info] > git status -z -uall [108ms]
2024-11-21 02:39:22.173 [info] > git config --get commit.template [4ms]
2024-11-21 02:39:22.212 [info] > git for-each-ref --format=%(refname)%00%(upstream:short)%00%(objectname)%00%(upstream:track)%00%(upstream:remotename)%00%(upstream:remoteref) refs/heads/master refs/remotes/master [3ms]
2024-11-21 02:39:22.337 [info] > git status -z -uall [100ms]
2024-11-21 02:39:41.491 [info] > git config --get commit.template [28ms]
2024-11-21 02:39:41.492 [info] > git for-each-ref --format=%(refname)%00%(upstream:short)%00%(objectname)%00%(upstream:track)%00%(upstream:remotename)%00%(upstream:remoteref) refs/heads/master refs/remotes/master [4ms]
2024-11-21 02:39:41.617 [info] > git status -z -uall [101ms]
2024-11-21 02:39:46.709 [info] > git config --get commit.template [26ms]
2024-11-21 02:39:46.711 [info] > git for-each-ref --format=%(refname)%00%(upstream:short)%00%(objectname)%00%(upstream:track)%00%(upstream:remotename)%00%(upstream:remoteref) refs/heads/master refs/remotes/master [2ms]
2024-11-21 02:39:46.832 [info] > git status -z -uall [97ms]
2024-11-21 02:41:25.667 [info] > git config --get commit.template [26ms]
2024-11-21 02:41:25.668 [info] > git for-each-ref --format=%(refname)%00%(upstream:short)%00%(objectname)%00%(upstream:track)%00%(upstream:remotename)%00%(upstream:remoteref) refs/heads/master refs/remotes/master [3ms]
2024-11-21 02:41:25.794 [info] > git status -z -uall [102ms]
2024-11-21 02:41:34.974 [info] > git config --get commit.template [27ms]
2024-11-21 02:41:34.975 [info] > git for-each-ref --format=%(refname)%00%(upstream:short)%00%(objectname)%00%(upstream:track)%00%(upstream:remotename)%00%(upstream:remoteref) refs/heads/master refs/remotes/master [3ms]
2024-11-21 02:41:35.104 [info] > git status -z -uall [104ms]
2024-11-21 02:41:42.554 [info] > git show --textconv :customer-admin-app/react-frontend/src/App.js [30ms]
2024-11-21 02:41:42.557 [info] > git ls-files --stage -- /home/admin_/customer-admin-app/react-frontend/src/App.js [5ms]
2024-11-21 02:41:42.584 [info] > git cat-file -s 055c1e7b91bb881b301cbf873e540991fd47ae65 [2ms]
2024-11-21 02:41:52.440 [info] > git show --textconv :customer-admin-app/react-frontend/src/Dashboard.js [29ms]
2024-11-21 02:41:52.444 [info] > git ls-files --stage -- /home/admin_/customer-admin-app/react-frontend/src/Dashboard.js [7ms]
2024-11-21 02:41:52.471 [info] > git cat-file -s 9453938baa5fa01cf60767cce2827a8274d12100 [2ms]
2024-11-21 02:41:59.485 [info] > git show --textconv :customer-admin-app/react-frontend/src/Login.js [30ms]
2024-11-21 02:41:59.490 [info] > git ls-files --stage -- /home/admin_/customer-admin-app/react-frontend/src/Login.js [9ms]
2024-11-21 02:41:59.522 [info] > git cat-file -s 53a3b1e94628201870866880fa0b0d9b287531c8 [3ms]
2024-11-21 02:53:08.764 [info] > git config --get commit.template [53ms]
2024-11-21 02:53:08.765 [info] > git for-each-ref --format=%(refname)%00%(upstream:short)%00%(objectname)%00%(upstream:track)%00%(upstream:remotename)%00%(upstream:remoteref) refs/heads/master refs/remotes/master [29ms]
2024-11-21 02:53:08.766 [info] > git ls-files --stage -- /home/admin_/customer-admin-app/react-frontend/src/Login.js [3ms]
2024-11-21 02:53:08.818 [info] > git cat-file -s 4dad52b0bb47e32d5417c1c38005795d3a464c59 [28ms]
2024-11-21 02:53:08.894 [info] > git show --textconv :customer-admin-app/react-frontend/src/Login.js [4ms]
2024-11-21 02:53:08.923 [info] > git status -z -uall [106ms]
2024-11-21 02:53:09.011 [info] > git merge-base refs/heads/master refs/remotes/origin/master [39ms]
2024-11-21 02:53:09.038 [info] > git rev-list --count --left-right refs/heads/master...refs/remotes/origin/master [2ms]
2024-11-21 02:53:09.384 [info] > git diff --name-status -z --diff-filter=ADMR a277ea1b2ed47a2247f9c9a87e425a05843f936b...refs/remotes/origin/master [320ms]
2024-11-21 02:53:14.060 [info] > git config --get commit.template [26ms]
2024-11-21 02:53:14.061 [info] > git for-each-ref --format=%(refname)%00%(upstream:short)%00%(objectname)%00%(upstream:track)%00%(upstream:remotename)%00%(upstream:remoteref) refs/heads/master refs/remotes/master [2ms]
2024-11-21 02:53:14.184 [info] > git status -z -uall [98ms]
2024-11-21 02:58:18.777 [info] > git config --get commit.template [29ms]
2024-11-21 02:58:18.778 [info] > git for-each-ref --format=%(refname)%00%(upstream:short)%00%(objectname)%00%(upstream:track)%00%(upstream:remotename)%00%(upstream:remoteref) refs/heads/master refs/remotes/master [2ms]
2024-11-21 02:58:18.906 [info] > git status -z -uall [103ms]
2024-11-21 02:58:52.792 [info] > git config --get commit.template [3ms]
2024-11-21 02:58:52.828 [info] > git for-each-ref --format=%(refname)%00%(upstream:short)%00%(objectname)%00%(upstream:track)%00%(upstream:remotename)%00%(upstream:remoteref) refs/heads/master refs/remotes/master [3ms]
2024-11-21 02:58:52.976 [info] > git status -z -uall [114ms]
2024-11-21 02:58:53.539 [info] > git show --textconv :customer-admin-app/react-frontend/src/AdminDashboard.js [43ms]
2024-11-21 02:58:53.540 [info] > git ls-files --stage -- /home/admin_/customer-admin-app/react-frontend/src/AdminDashboard.js [7ms]
2024-11-21 02:58:53.577 [info] > git cat-file -s 72c9e71cda5e95a3f84d7c66cd0803f032bde63d [3ms]
2024-11-21 02:59:02.589 [info] > git show --textconv :customer-admin-app/react-frontend/src/App.css [40ms]
2024-11-21 02:59:02.599 [info] > git ls-files --stage -- /home/admin_/customer-admin-app/react-frontend/src/App.css [10ms]
2024-11-21 02:59:02.654 [info] > git cat-file -s 74b5e053450a48a6bdb4d71aad648e7af821975c [18ms]
2024-11-21 02:59:03.239 [info] > git show --textconv :customer-admin-app/react-frontend/src/App.js [38ms]
2024-11-21 02:59:03.243 [info] > git ls-files --stage -- /home/admin_/customer-admin-app/react-frontend/src/App.js [8ms]
2024-11-21 02:59:03.281 [info] > git cat-file -s 2e36304be8234cd15a323e3c0d786118455f94fe [2ms]
2024-11-21 02:59:10.599 [info] > git show --textconv :customer-admin-app/react-frontend/src/Dashboard.js [40ms]
2024-11-21 02:59:10.604 [info] > git ls-files --stage -- /home/admin_/customer-admin-app/react-frontend/src/Dashboard.js [10ms]
2024-11-21 02:59:10.641 [info] > git cat-file -s 2dec7643f838982be1275a98a2755dcf56b5fd7c [2ms]
2024-11-21 02:59:17.594 [info] > git show --textconv :customer-admin-app/react-frontend/src/firebase.js [37ms]
2024-11-21 02:59:17.597 [info] > git ls-files --stage -- /home/admin_/customer-admin-app/react-frontend/src/firebase.js [6ms]
2024-11-21 02:59:17.635 [info] > git cat-file -s 2c733e78c7d83915fb5042963bcdf2dd25d886dd [5ms]
2024-11-21 02:59:24.631 [info] > git show --textconv :customer-admin-app/react-frontend/src/Login.js [37ms]
2024-11-21 02:59:24.636 [info] > git ls-files --stage -- /home/admin_/customer-admin-app/react-frontend/src/Login.js [8ms]
2024-11-21 02:59:24.672 [info] > git cat-file -s 4dad52b0bb47e32d5417c1c38005795d3a464c59 [3ms]
2024-11-21 03:09:45.867 [info] > git config --get commit.template [37ms]
2024-11-21 03:09:45.868 [info] > git for-each-ref --format=%(refname)%00%(upstream:short)%00%(objectname)%00%(upstream:track)%00%(upstream:remotename)%00%(upstream:remoteref) refs/heads/master refs/remotes/master [3ms]
2024-11-21 03:09:46.008 [info] > git status -z -uall [105ms]
2024-11-21 03:09:47.709 [info] > git show --textconv :customer-admin-app/react-frontend/src/AdminDashboard.js [29ms]
2024-11-21 03:09:47.712 [info] > git ls-files --stage -- /home/admin_/customer-admin-app/react-frontend/src/AdminDashboard.js [7ms]
2024-11-21 03:09:47.739 [info] > git cat-file -s 72c9e71cda5e95a3f84d7c66cd0803f032bde63d [2ms]
2024-11-21 03:11:31.478 [info] > git config --get commit.template [30ms]
2024-11-21 03:11:31.479 [info] > git for-each-ref --format=%(refname)%00%(upstream:short)%00%(objectname)%00%(upstream:track)%00%(upstream:remotename)%00%(upstream:remoteref) refs/heads/master refs/remotes/master [4ms]
2024-11-21 03:11:31.610 [info] > git status -z -uall [106ms]
2024-11-21 03:11:32.197 [info] > git show --textconv :customer-admin-app/react-frontend/src/Dashboard.js [27ms]
2024-11-21 03:11:32.198 [info] > git ls-files --stage -- /home/admin_/customer-admin-app/react-frontend/src/Dashboard.js [4ms]
2024-11-21 03:11:32.224 [info] > git cat-file -s 2dec7643f838982be1275a98a2755dcf56b5fd7c [2ms]
2024-11-21 03:11:52.566 [info] > git show --textconv :customer-admin-app/react-frontend/src/AdminDashboard.js [29ms]
2024-11-21 03:11:52.570 [info] > git ls-files --stage -- /home/admin_/customer-admin-app/react-frontend/src/AdminDashboard.js [9ms]
2024-11-21 03:11:52.598 [info] > git cat-file -s 72c9e71cda5e95a3f84d7c66cd0803f032bde63d [3ms]
2024-11-21 03:12:01.964 [info] > git show --textconv :customer-admin-app/react-frontend/src/Dashboard.js [28ms]
2024-11-21 03:12:01.969 [info] > git ls-files --stage -- /home/admin_/customer-admin-app/react-frontend/src/Dashboard.js [9ms]
2024-11-21 03:12:01.995 [info] > git cat-file -s 2dec7643f838982be1275a98a2755dcf56b5fd7c [2ms]
2024-11-21 03:12:10.114 [info] > git show --textconv :customer-admin-app/react-frontend/src/logo.svg [29ms]
2024-11-21 03:12:10.116 [info] > git ls-files --stage -- /home/admin_/customer-admin-app/react-frontend/src/logo.svg [4ms]
2024-11-21 03:12:10.144 [info] > git cat-file -s 9dfc1c058cebbef8b891c5062be6f31033d7d186 [2ms]
2024-11-21 03:12:10.857 [info] > git show --textconv :customer-admin-app/react-frontend/src/Login.js [30ms]
2024-11-21 03:12:10.859 [info] > git ls-files --stage -- /home/admin_/customer-admin-app/react-frontend/src/Login.js [5ms]
2024-11-21 03:12:10.886 [info] > git cat-file -s 4dad52b0bb47e32d5417c1c38005795d3a464c59 [3ms]
2024-11-21 03:13:37.669 [info] > git show --textconv :customer-admin-app/react-frontend/src/Dashboard.js [28ms]
2024-11-21 03:13:37.673 [info] > git ls-files --stage -- /home/admin_/customer-admin-app/react-frontend/src/Dashboard.js [7ms]
2024-11-21 03:13:37.700 [info] > git cat-file -s 2dec7643f838982be1275a98a2755dcf56b5fd7c [3ms]
2024-11-21 03:16:18.410 [info] > git check-ignore -v -z --stdin [3ms]
2024-11-21 03:20:36.517 [info] > git for-each-ref --format=%(refname)%00%(upstream:short)%00%(objectname)%00%(upstream:track)%00%(upstream:remotename)%00%(upstream:remoteref) refs/heads/master refs/remotes/master [1ms]
2024-11-21 03:20:36.518 [info] > git config --get commit.template [29ms]
2024-11-21 03:20:36.642 [info] > git status -z -uall [99ms]
2024-11-21 03:20:41.736 [info] > git config --get commit.template [1ms]
2024-11-21 03:20:41.765 [info] > git for-each-ref --format=%(refname)%00%(upstream:short)%00%(objectname)%00%(upstream:track)%00%(upstream:remotename)%00%(upstream:remoteref) refs/heads/master refs/remotes/master [4ms]
2024-11-21 03:20:41.894 [info] > git status -z -uall [99ms]
2024-11-21 03:21:22.925 [info] > git config --get commit.template [25ms]
2024-11-21 03:21:22.926 [info] > git for-each-ref --format=%(refname)%00%(upstream:short)%00%(objectname)%00%(upstream:track)%00%(upstream:remotename)%00%(upstream:remoteref) refs/heads/master refs/remotes/master [3ms]
2024-11-21 03:21:23.053 [info] > git status -z -uall [102ms]
2024-11-21 03:21:46.507 [info] > git config --get commit.template [26ms]
2024-11-21 03:21:46.508 [info] > git for-each-ref --format=%(refname)%00%(upstream:short)%00%(objectname)%00%(upstream:track)%00%(upstream:remotename)%00%(upstream:remoteref) refs/heads/master refs/remotes/master [2ms]
2024-11-21 03:21:46.642 [info] > git status -z -uall [108ms]
2024-11-21 03:21:51.758 [info] > git config --get commit.template [26ms]
2024-11-21 03:21:51.759 [info] > git for-each-ref --format=%(refname)%00%(upstream:short)%00%(objectname)%00%(upstream:track)%00%(upstream:remotename)%00%(upstream:remoteref) refs/heads/master refs/remotes/master [2ms]
2024-11-21 03:21:51.885 [info] > git status -z -uall [101ms]
2024-11-21 03:21:54.174 [info] > git show --textconv :customer-admin-app/react-frontend/src/Login.js [31ms]
2024-11-21 03:21:54.178 [info] > git ls-files --stage -- /home/admin_/customer-admin-app/react-frontend/src/Login.js [8ms]
2024-11-21 03:21:54.206 [info] > git cat-file -s 4dad52b0bb47e32d5417c1c38005795d3a464c59 [4ms]
2024-11-21 03:22:07.133 [info] > git config --get commit.template [28ms]
2024-11-21 03:22:07.133 [info] > git for-each-ref --format=%(refname)%00%(upstream:short)%00%(objectname)%00%(upstream:track)%00%(upstream:remotename)%00%(upstream:remoteref) refs/heads/master refs/remotes/master [2ms]
2024-11-21 03:22:07.257 [info] > git status -z -uall [98ms]
2024-11-21 03:22:12.846 [info] > git config --get commit.template [27ms]
2024-11-21 03:22:12.847 [info] > git for-each-ref --format=%(refname)%00%(upstream:short)%00%(objectname)%00%(upstream:track)%00%(upstream:remotename)%00%(upstream:remoteref) refs/heads/master refs/remotes/master [3ms]
2024-11-21 03:22:12.970 [info] > git status -z -uall [96ms]
2024-11-21 03:22:14.901 [info] > git show --textconv :customer-admin-app/react-frontend/src/index.js [33ms]
2024-11-21 03:22:14.903 [info] > git ls-files --stage -- /home/admin_/customer-admin-app/react-frontend/src/index.js [9ms]
2024-11-21 03:22:14.935 [info] > git cat-file -s d563c0fb10ba0e42724b21286eb546ee4e5734fc [4ms]
2024-11-21 03:22:15.807 [info] > git show --textconv :customer-admin-app/react-frontend/src/Login.js [29ms]
2024-11-21 03:22:15.810 [info] > git ls-files --stage -- /home/admin_/customer-admin-app/react-frontend/src/Login.js [7ms]
2024-11-21 03:22:15.841 [info] > git cat-file -s 4dad52b0bb47e32d5417c1c38005795d3a464c59 [3ms]
2024-11-21 03:22:20.846 [info] > git config --get commit.template [28ms]
2024-11-21 03:22:20.847 [info] > git for-each-ref --format=%(refname)%00%(upstream:short)%00%(objectname)%00%(upstream:track)%00%(upstream:remotename)%00%(upstream:remoteref) refs/heads/master refs/remotes/master [2ms]
2024-11-21 03:22:20.974 [info] > git status -z -uall [101ms]
2024-11-21 03:22:38.106 [info] > git config --get commit.template [28ms]
2024-11-21 03:22:38.107 [info] > git for-each-ref --format=%(refname)%00%(upstream:short)%00%(objectname)%00%(upstream:track)%00%(upstream:remotename)%00%(upstream:remoteref) refs/heads/master refs/remotes/master [3ms]
2024-11-21 03:22:38.229 [info] > git status -z -uall [96ms]
2024-11-21 03:22:43.337 [info] > git config --get commit.template [26ms]
2024-11-21 03:22:43.339 [info] > git for-each-ref --format=%(refname)%00%(upstream:short)%00%(objectname)%00%(upstream:track)%00%(upstream:remotename)%00%(upstream:remoteref) refs/heads/master refs/remotes/master [3ms]
2024-11-21 03:22:43.461 [info] > git status -z -uall [96ms]
2024-11-21 03:22:46.556 [info] > git show --textconv :customer-admin-app/react-frontend/src/App.test.js [29ms]
2024-11-21 03:22:46.558 [info] > git ls-files --stage -- /home/admin_/customer-admin-app/react-frontend/src/App.test.js [4ms]
2024-11-21 03:22:46.585 [info] > git cat-file -s 1f03afeece5ac28064fa3c73a29215037465f789 [2ms]
2024-11-21 03:22:48.302 [info] > git show --textconv :customer-admin-app/react-frontend/src/index.js [34ms]
2024-11-21 03:22:48.304 [info] > git ls-files --stage -- /home/admin_/customer-admin-app/react-frontend/src/index.js [8ms]
2024-11-21 03:22:48.338 [info] > git cat-file -s d563c0fb10ba0e42724b21286eb546ee4e5734fc [4ms]
2024-11-21 03:22:49.288 [info] > git show --textconv :customer-admin-app/react-frontend/src/Login.js [32ms]
2024-11-21 03:22:49.291 [info] > git ls-files --stage -- /home/admin_/customer-admin-app/react-frontend/src/Login.js [7ms]
2024-11-21 03:22:49.322 [info] > git cat-file -s 4dad52b0bb47e32d5417c1c38005795d3a464c59 [4ms]
2024-11-21 03:22:51.649 [info] > git show --textconv :customer-admin-app/react-frontend/src/logo.svg [33ms]
2024-11-21 03:22:51.651 [info] > git ls-files --stage -- /home/admin_/customer-admin-app/react-frontend/src/logo.svg [5ms]
2024-11-21 03:22:51.679 [info] > git cat-file -s 9dfc1c058cebbef8b891c5062be6f31033d7d186 [3ms]
2024-11-21 03:22:53.194 [info] > git show --textconv :customer-admin-app/react-frontend/src/Login.js [29ms]
2024-11-21 03:22:53.197 [info] > git ls-files --stage -- /home/admin_/customer-admin-app/react-frontend/src/Login.js [6ms]
2024-11-21 03:22:53.227 [info] > git cat-file -s 4dad52b0bb47e32d5417c1c38005795d3a464c59 [4ms]
2024-11-21 03:23:05.866 [info] > git show --textconv :customer-admin-app/react-frontend/src/index.css [26ms]
2024-11-21 03:23:05.868 [info] > git ls-files --stage -- /home/admin_/customer-admin-app/react-frontend/src/index.css [3ms]
2024-11-21 03:23:05.895 [info] > git cat-file -s ec2585e8c0bb8188184ed1e0703c4c8f2a8419b0 [2ms]
2024-11-21 03:23:07.013 [info] > git show --textconv :customer-admin-app/react-frontend/src/Login.js [29ms]
2024-11-21 03:23:07.015 [info] > git ls-files --stage -- /home/admin_/customer-admin-app/react-frontend/src/Login.js [6ms]
2024-11-21 03:23:07.045 [info] > git cat-file -s 4dad52b0bb47e32d5417c1c38005795d3a464c59 [4ms]
2024-11-21 03:23:19.807 [info] > git show --textconv :customer-admin-app/react-frontend/src/reportWebVitals.js [28ms]
2024-11-21 03:23:19.810 [info] > git ls-files --stage -- /home/admin_/customer-admin-app/react-frontend/src/reportWebVitals.js [4ms]
2024-11-21 03:23:19.836 [info] > git cat-file -s 5253d3ad9e6be6690549cb255f5952337b02401d [2ms]
2024-11-21 03:23:21.015 [info] > git show --textconv :customer-admin-app/react-frontend/src/Login.js [30ms]
2024-11-21 03:23:21.018 [info] > git ls-files --stage -- /home/admin_/customer-admin-app/react-frontend/src/Login.js [8ms]
2024-11-21 03:23:21.048 [info] > git cat-file -s 4dad52b0bb47e32d5417c1c38005795d3a464c59 [5ms]
2024-11-21 03:23:35.586 [info] > git show --textconv :customer-admin-app/react-frontend/src/Dashboard.js [31ms]
2024-11-21 03:23:35.590 [info] > git ls-files --stage -- /home/admin_/customer-admin-app/react-frontend/src/Dashboard.js [9ms]
2024-11-21 03:23:35.617 [info] > git cat-file -s 2dec7643f838982be1275a98a2755dcf56b5fd7c [4ms]
2024-11-21 03:24:24.429 [info] > git show --textconv :customer-admin-app/firebase.json [35ms]
2024-11-21 03:24:24.432 [info] > git ls-files --stage -- /home/admin_/customer-admin-app/firebase.json [8ms]
2024-11-21 03:24:24.465 [info] > git cat-file -s e0e857924904bb65c803cf68f8d101fa43d225a2 [3ms]
2024-11-21 03:27:08.955 [info] > git config --get commit.template [26ms]
2024-11-21 03:27:08.955 [info] > git for-each-ref --format=%(refname)%00%(upstream:short)%00%(objectname)%00%(upstream:track)%00%(upstream:remotename)%00%(upstream:remoteref) refs/heads/master refs/remotes/master [2ms]
2024-11-21 03:27:09.083 [info] > git status -z -uall [101ms]
2024-11-21 03:27:11.170 [info] > git show --textconv :customer-admin-app/react-frontend/src/Dashboard.js [29ms]
2024-11-21 03:27:11.173 [info] > git ls-files --stage -- /home/admin_/customer-admin-app/react-frontend/src/Dashboard.js [7ms]
2024-11-21 03:27:11.200 [info] > git cat-file -s 2dec7643f838982be1275a98a2755dcf56b5fd7c [3ms]
2024-11-21 03:27:14.193 [info] > git config --get commit.template [28ms]
2024-11-21 03:27:14.194 [info] > git for-each-ref --format=%(refname)%00%(upstream:short)%00%(objectname)%00%(upstream:track)%00%(upstream:remotename)%00%(upstream:remoteref) refs/heads/master refs/remotes/master [2ms]
2024-11-21 03:27:14.322 [info] > git status -z -uall [101ms]
2024-11-21 03:27:18.909 [info] > git show --textconv :customer-admin-app/react-frontend/src/AdminDashboard.js [30ms]
2024-11-21 03:27:18.911 [info] > git ls-files --stage -- /home/admin_/customer-admin-app/react-frontend/src/AdminDashboard.js [6ms]
2024-11-21 03:27:18.939 [info] > git cat-file -s 72c9e71cda5e95a3f84d7c66cd0803f032bde63d [2ms]
2024-11-21 03:27:19.425 [info] > git config --get commit.template [30ms]
2024-11-21 03:27:19.427 [info] > git for-each-ref --format=%(refname)%00%(upstream:short)%00%(objectname)%00%(upstream:track)%00%(upstream:remotename)%00%(upstream:remoteref) refs/heads/master refs/remotes/master [5ms]
2024-11-21 03:27:19.550 [info] > git status -z -uall [95ms]
2024-11-21 03:27:27.712 [info] > git show --textconv :customer-admin-app/react-frontend/src/Login.js [27ms]
2024-11-21 03:27:27.714 [info] > git ls-files --stage -- /home/admin_/customer-admin-app/react-frontend/src/Login.js [4ms]
2024-11-21 03:27:27.743 [info] > git cat-file -s 4dad52b0bb47e32d5417c1c38005795d3a464c59 [3ms]
2024-11-21 03:27:35.225 [info] > git show --textconv :customer-admin-app/firebase.json [30ms]
2024-11-21 03:27:35.227 [info] > git ls-files --stage -- /home/admin_/customer-admin-app/firebase.json [6ms]
2024-11-21 03:27:35.262 [info] > git cat-file -s e0e857924904bb65c803cf68f8d101fa43d225a2 [3ms]
2024-11-21 03:29:26.341 [info] > git show --textconv :customer-admin-app/react-frontend/src/Dashboard.js [27ms]
2024-11-21 03:29:26.344 [info] > git ls-files --stage -- /home/admin_/customer-admin-app/react-frontend/src/Dashboard.js [7ms]
2024-11-21 03:29:26.369 [info] > git cat-file -s 2dec7643f838982be1275a98a2755dcf56b5fd7c [2ms]
2024-11-21 03:29:46.633 [info] > git show --textconv :customer-admin-app/react-frontend/src/Login.js [30ms]
2024-11-21 03:29:46.633 [info] > git ls-files --stage -- /home/admin_/customer-admin-app/react-frontend/src/Login.js [6ms]
2024-11-21 03:29:46.663 [info] > git cat-file -s 4dad52b0bb47e32d5417c1c38005795d3a464c59 [6ms]
2024-11-21 03:30:28.962 [info] > git show --textconv :customer-admin-app/react-frontend/src/Dashboard.js [27ms]
2024-11-21 03:30:28.965 [info] > git ls-files --stage -- /home/admin_/customer-admin-app/react-frontend/src/Dashboard.js [6ms]
2024-11-21 03:30:28.990 [info] > git cat-file -s 2dec7643f838982be1275a98a2755dcf56b5fd7c [3ms]
2024-11-21 03:32:44.173 [info] > git config --get commit.template [25ms]
2024-11-21 03:32:44.174 [info] > git for-each-ref --format=%(refname)%00%(upstream:short)%00%(objectname)%00%(upstream:track)%00%(upstream:remotename)%00%(upstream:remoteref) refs/heads/master refs/remotes/master [2ms]
2024-11-21 03:32:44.319 [info] > git status -z -uall [120ms]
2024-11-21 03:32:44.806 [info] > git show --textconv :customer-admin-app/firebase.json [29ms]
2024-11-21 03:32:44.807 [info] > git ls-files --stage -- /home/admin_/customer-admin-app/firebase.json [7ms]
2024-11-21 03:32:44.833 [info] > git cat-file -s e0e857924904bb65c803cf68f8d101fa43d225a2 [3ms]
2024-11-21 03:32:49.429 [info] > git config --get commit.template [25ms]
2024-11-21 03:32:49.429 [info] > git for-each-ref --format=%(refname)%00%(upstream:short)%00%(objectname)%00%(upstream:track)%00%(upstream:remotename)%00%(upstream:remoteref) refs/heads/master refs/remotes/master [2ms]
2024-11-21 03:32:49.551 [info] > git status -z -uall [97ms]
2024-11-21 03:32:54.648 [info] > git config --get commit.template [26ms]
2024-11-21 03:32:54.648 [info] > git for-each-ref --format=%(refname)%00%(upstream:short)%00%(objectname)%00%(upstream:track)%00%(upstream:remotename)%00%(upstream:remoteref) refs/heads/master refs/remotes/master [2ms]
2024-11-21 03:32:54.770 [info] > git status -z -uall [97ms]
2024-11-21 03:32:59.865 [info] > git config --get commit.template [26ms]
2024-11-21 03:32:59.866 [info] > git for-each-ref --format=%(refname)%00%(upstream:short)%00%(objectname)%00%(upstream:track)%00%(upstream:remotename)%00%(upstream:remoteref) refs/heads/master refs/remotes/master [3ms]
2024-11-21 03:32:59.985 [info] > git status -z -uall [94ms]
2024-11-21 03:33:23.302 [info] > git config --get commit.template [27ms]
2024-11-21 03:33:23.302 [info] > git for-each-ref --format=%(refname)%00%(upstream:short)%00%(objectname)%00%(upstream:track)%00%(upstream:remotename)%00%(upstream:remoteref) refs/heads/master refs/remotes/master [2ms]
2024-11-21 03:33:23.427 [info] > git status -z -uall [99ms]
2024-11-21 03:35:28.175 [info] > git config --get commit.template [32ms]
2024-11-21 03:35:28.176 [info] > git for-each-ref --format=%(refname)%00%(upstream:short)%00%(objectname)%00%(upstream:track)%00%(upstream:remotename)%00%(upstream:remoteref) refs/heads/master refs/remotes/master [3ms]
2024-11-21 03:35:28.311 [info] > git status -z -uall [105ms]
2024-11-21 03:36:39.862 [info] > git config --get commit.template [28ms]
2024-11-21 03:36:39.863 [info] > git for-each-ref --format=%(refname)%00%(upstream:short)%00%(objectname)%00%(upstream:track)%00%(upstream:remotename)%00%(upstream:remoteref) refs/heads/master refs/remotes/master [2ms]
2024-11-21 03:36:39.919 [info] > git ls-files --stage -- /home/admin_/customer-admin-app/firebase.json [2ms]
2024-11-21 03:36:39.952 [info] > git cat-file -s e0e857924904bb65c803cf68f8d101fa43d225a2 [3ms]
2024-11-21 03:36:40.022 [info] > git status -z -uall [133ms]
2024-11-21 03:36:40.107 [info] > git show --textconv :customer-admin-app/firebase.json [86ms]
2024-11-21 03:36:40.107 [info] > git merge-base refs/heads/master refs/remotes/origin/master [37ms]
2024-11-21 03:36:40.135 [info] > git rev-list --count --left-right refs/heads/master...refs/remotes/origin/master [3ms]
2024-11-21 03:36:40.481 [info] > git diff --name-status -z --diff-filter=ADMR d006192aabd58982c91bfb123ebb4c7a65552cc2...refs/remotes/origin/master [321ms]
2024-11-21 03:37:34.086 [info] > git config --get commit.template [26ms]
2024-11-21 03:37:34.086 [info] > git for-each-ref --format=%(refname)%00%(upstream:short)%00%(objectname)%00%(upstream:track)%00%(upstream:remotename)%00%(upstream:remoteref) refs/heads/master refs/remotes/master [2ms]
2024-11-21 03:37:34.219 [info] > git status -z -uall [108ms]
2024-11-21 03:37:39.330 [info] > git config --get commit.template [26ms]
2024-11-21 03:37:39.331 [info] > git for-each-ref --format=%(refname)%00%(upstream:short)%00%(objectname)%00%(upstream:track)%00%(upstream:remotename)%00%(upstream:remoteref) refs/heads/master refs/remotes/master [2ms]
2024-11-21 03:37:39.454 [info] > git status -z -uall [98ms]
